# JRE version: Java(TM) SE Runtime Environment (8.0_231-b11) (build 1.8.0_231-b11)
# Java VM: Java HotSpot(TM) 64-Bit Server VM (25.231-b11 mixed mode windows-amd64 compressed oops)
Heap:
 PSYoungGen      total 532992K, used 398780K [0x000000076b000000, 0x0000000793a00000, 0x00000007c0000000)
  eden space 470016K, 75% used [0x000000076b000000,0x0000000780afbf80,0x0000000787b00000)
  from space 62976K, 69% used [0x0000000787b00000,0x000000078a5732f0,0x000000078b880000)
  to   space 66048K, 0% used [0x000000078f980000,0x000000078f980000,0x0000000793a00000)
 ParOldGen       total 257536K, used 185279K [0x00000006c1000000, 0x00000006d0b80000, 0x000000076b000000)
  object space 257536K, 71% used [0x00000006c1000000,0x00000006cc4efd38,0x00000006d0b80000)
 Metaspace       used 37694K, capacity 38641K, committed 38912K, reserved 1083392K
  class space    used 4510K, capacity 4831K, committed 4864K, reserved 1048576K
GC Heap History (10 events):
Event: 19.583 GC heap before
{Heap before GC invocations=22 (full 3):
 PSYoungGen      total 370176K, used 369688K [0x000000076b000000, 0x0000000787980000, 0x00000007c0000000)
  eden space 354304K, 100% used [0x000000076b000000,0x0000000780a00000,0x0000000780a00000)
  from space 15872K, 96% used [0x0000000786a00000,0x00000007879061a8,0x0000000787980000)
  to   space 56320K, 0% used [0x0000000780b80000,0x0000000780b80000,0x0000000784280000)
 ParOldGen       total 257536K, used 122720K [0x00000006c1000000, 0x00000006d0b80000, 0x000000076b000000)
  object space 257536K, 47% used [0x00000006c1000000,0x00000006c87d8138,0x00000006d0b80000)
 Metaspace       used 30142K, capacity 30423K, committed 30976K, reserved 1077248K
  class space    used 3657K, capacity 3741K, committed 3840K, reserved 1048576K
Event: 19.597 GC heap after
Heap after GC invocations=22 (full 3):
 PSYoungGen      total 412160K, used 12804K [0x000000076b000000, 0x000000078b600000, 0x00000007c0000000)
  eden space 355840K, 0% used [0x000000076b000000,0x000000076b000000,0x0000000780b80000)
  from space 56320K, 22% used [0x0000000780b80000,0x0000000781801058,0x0000000784280000)
  to   space 53760K, 0% used [0x0000000788180000,0x0000000788180000,0x000000078b600000)
 ParOldGen       total 257536K, used 137853K [0x00000006c1000000, 0x00000006d0b80000, 0x000000076b000000)
  object space 257536K, 53% used [0x00000006c1000000,0x00000006c969f618,0x00000006d0b80000)
 Metaspace       used 30142K, capacity 30423K, committed 30976K, reserved 1077248K
  class space    used 3657K, capacity 3741K, committed 3840K, reserved 1048576K
}
Event: 25.470 GC heap before
{Heap before GC invocations=23 (full 3):
 PSYoungGen      total 412160K, used 368644K [0x000000076b000000, 0x000000078b600000, 0x00000007c0000000)
  eden space 355840K, 100% used [0x000000076b000000,0x0000000780b80000,0x0000000780b80000)
  from space 56320K, 22% used [0x0000000780b80000,0x0000000781801058,0x0000000784280000)
  to   space 53760K, 0% used [0x0000000788180000,0x0000000788180000,0x000000078b600000)
 ParOldGen       total 257536K, used 137853K [0x00000006c1000000, 0x00000006d0b80000, 0x000000076b000000)
  object space 257536K, 53% used [0x00000006c1000000,0x00000006c969f618,0x00000006d0b80000)
 Metaspace       used 30145K, capacity 30423K, committed 30976K, reserved 1077248K
  class space    used 3657K, capacity 3741K, committed 3840K, reserved 1048576K
Event: 25.484 GC heap after
Heap after GC invocations=23 (full 3):
 PSYoungGen      total 460288K, used 16409K [0x000000076b000000, 0x000000078ab80000, 0x00000007c0000000)
  eden space 417280K, 0% used [0x000000076b000000,0x000000076b000000,0x0000000784780000)
  from space 43008K, 38% used [0x0000000788180000,0x0000000789186500,0x000000078ab80000)
  to   space 51200K, 0% used [0x0000000784780000,0x0000000784780000,0x0000000787980000)
 ParOldGen       total 257536K, used 150438K [0x00000006c1000000, 0x00000006d0b80000, 0x000000076b000000)
  object space 257536K, 58% used [0x00000006c1000000,0x00000006ca2e9880,0x00000006d0b80000)
 Metaspace       used 30145K, capacity 30423K, committed 30976K, reserved 1077248K
  class space    used 3657K, capacity 3741K, committed 3840K, reserved 1048576K
}
Event: 41.978 GC heap before
{Heap before GC invocations=24 (full 3):
 PSYoungGen      total 460288K, used 433689K [0x000000076b000000, 0x000000078ab80000, 0x00000007c0000000)
  eden space 417280K, 100% used [0x000000076b000000,0x0000000784780000,0x0000000784780000)
  from space 43008K, 38% used [0x0000000788180000,0x0000000789186500,0x000000078ab80000)
  to   space 51200K, 0% used [0x0000000784780000,0x0000000784780000,0x0000000787980000)
 ParOldGen       total 257536K, used 150438K [0x00000006c1000000, 0x00000006d0b80000, 0x000000076b000000)
  object space 257536K, 58% used [0x00000006c1000000,0x00000006ca2e9880,0x00000006d0b80000)
 Metaspace       used 30145K, capacity 30423K, committed 30976K, reserved 1077248K
  class space    used 3657K, capacity 3741K, committed 3840K, reserved 1048576K
Event: 41.993 GC heap after
Heap after GC invocations=24 (full 3):
 PSYoungGen      total 468480K, used 35092K [0x000000076b000000, 0x000000078ed00000, 0x00000007c0000000)
  eden space 417280K, 0% used [0x000000076b000000,0x000000076b000000,0x0000000784780000)
  from space 51200K, 68% used [0x0000000784780000,0x00000007869c5228,0x0000000787980000)
  to   space 53760K, 0% used [0x000000078b880000,0x000000078b880000,0x000000078ed00000)
 ParOldGen       total 257536K, used 150438K [0x00000006c1000000, 0x00000006d0b80000, 0x000000076b000000)
  object space 257536K, 58% used [0x00000006c1000000,0x00000006ca2e9880,0x00000006d0b80000)
 Metaspace       used 30145K, capacity 30423K, committed 30976K, reserved 1077248K
  class space    used 3657K, capacity 3741K, committed 3840K, reserved 1048576K
}
Event: 58.656 GC heap before
{Heap before GC invocations=25 (full 3):
 PSYoungGen      total 468480K, used 452372K [0x000000076b000000, 0x000000078ed00000, 0x00000007c0000000)
  eden space 417280K, 100% used [0x000000076b000000,0x0000000784780000,0x0000000784780000)
  from space 51200K, 68% used [0x0000000784780000,0x00000007869c5228,0x0000000787980000)
  to   space 53760K, 0% used [0x000000078b880000,0x000000078b880000,0x000000078ed00000)
 ParOldGen       total 257536K, used 150438K [0x00000006c1000000, 0x00000006d0b80000, 0x000000076b000000)
  object space 257536K, 58% used [0x00000006c1000000,0x00000006ca2e9880,0x00000006d0b80000)
 Metaspace       used 30149K, capacity 30423K, committed 30976K, reserved 1077248K
  class space    used 3657K, capacity 3741K, committed 3840K, reserved 1048576K
Event: 58.678 GC heap after
Heap after GC invocations=25 (full 3):
 PSYoungGen      total 523776K, used 53759K [0x000000076b000000, 0x000000078f680000, 0x00000007c0000000)
  eden space 470016K, 0% used [0x000000076b000000,0x000000076b000000,0x0000000787b00000)
  from space 53760K, 99% used [0x000000078b880000,0x000000078ecfff28,0x000000078ed00000)
  to   space 62976K, 0% used [0x0000000787b00000,0x0000000787b00000,0x000000078b880000)
 ParOldGen       total 257536K, used 150854K [0x00000006c1000000, 0x00000006d0b80000, 0x000000076b000000)
  object space 257536K, 58% used [0x00000006c1000000,0x00000006ca351880,0x00000006d0b80000)
 Metaspace       used 30149K, capacity 30423K, committed 30976K, reserved 1077248K
  class space    used 3657K, capacity 3741K, committed 3840K, reserved 1048576K
}
Event: 63.574 GC heap before
{Heap before GC invocations=26 (full 3):
 PSYoungGen      total 523776K, used 523775K [0x000000076b000000, 0x000000078f680000, 0x00000007c0000000)
  eden space 470016K, 100% used [0x000000076b000000,0x0000000787b00000,0x0000000787b00000)
  from space 53760K, 99% used [0x000000078b880000,0x000000078ecfff28,0x000000078ed00000)
  to   space 62976K, 0% used [0x0000000787b00000,0x0000000787b00000,0x000000078b880000)
 ParOldGen       total 257536K, used 150854K [0x00000006c1000000, 0x00000006d0b80000, 0x000000076b000000)
  object space 257536K, 58% used [0x00000006c1000000,0x00000006ca351880,0x00000006d0b80000)
 Metaspace       used 37231K, capacity 38149K, committed 38400K, reserved 1083392K
  class space    used 4467K, capacity 4797K, committed 4864K, reserved 1048576K
Event: 63.607 GC heap after
Heap after GC invocations=26 (full 3):
 PSYoungGen      total 532992K, used 43468K [0x000000076b000000, 0x0000000793a00000, 0x00000007c0000000)
  eden space 470016K, 0% used [0x000000076b000000,0x000000076b000000,0x0000000787b00000)
  from space 62976K, 69% used [0x0000000787b00000,0x000000078a5732f0,0x000000078b880000)
  to   space 66048K, 0% used [0x000000078f980000,0x000000078f980000,0x0000000793a00000)
 ParOldGen       total 257536K, used 185279K [0x00000006c1000000, 0x00000006d0b80000, 0x000000076b000000)
  object space 257536K, 71% used [0x00000006c1000000,0x00000006cc4efd38,0x00000006d0b80000)
 Metaspace       used 37231K, capacity 38149K, committed 38400K, reserved 1083392K
  class space    used 4467K, capacity 4797K, committed 4864K, reserved 1048576K
}

