# JRE version: Java(TM) SE Runtime Environment (8.0_91-b14) (build 1.8.0_91-b14)
# Java VM: Java HotSpot(TM) 64-Bit Server VM (25.91-b14 mixed mode windows-amd64 compressed oops)
Heap:
 PSYoungGen      total 1129472K, used 475826K [0x000000076b180000, 0x00000007b7400000, 0x00000007c0000000)
  eden space 1037824K, 38% used [0x000000076b180000,0x0000000783af26c8,0x00000007aa700000)
  from space 91648K, 79% used [0x00000007b0880000,0x00000007b4fba3f0,0x00000007b6200000)
  to   space 99840K, 0% used [0x00000007aa700000,0x00000007aa700000,0x00000007b0880000)
 ParOldGen       total 300032K, used 162678K [0x00000006c1400000, 0x00000006d3900000, 0x000000076b180000)
  object space 300032K, 54% used [0x00000006c1400000,0x00000006cb2dd808,0x00000006d3900000)
 Metaspace       used 51209K, capacity 52155K, committed 52608K, reserved 1095680K
  class space    used 6135K, capacity 6484K, committed 6528K, reserved 1048576K
GC Heap History (10 events):
Event: 61.047 GC heap before
{Heap before GC invocations=20 (full 5):
 PSYoungGen      total 916480K, used 0K [0x000000076b180000, 0x00000007a8900000, 0x00000007c0000000)
  eden space 829440K, 0% used [0x000000076b180000,0x000000076b180000,0x000000079db80000)
  from space 87040K, 0% used [0x000000079db80000,0x000000079db80000,0x00000007a3080000)
  to   space 88064K, 0% used [0x00000007a3300000,0x00000007a3300000,0x00000007a8900000)
 ParOldGen       total 300032K, used 128104K [0x00000006c1400000, 0x00000006d3900000, 0x000000076b180000)
  object space 300032K, 42% used [0x00000006c1400000,0x00000006c911a130,0x00000006d3900000)
 Metaspace       used 41587K, capacity 42541K, committed 42752K, reserved 1087488K
  class space    used 5239K, capacity 5589K, committed 5632K, reserved 1048576K
Event: 61.267 GC heap after
Heap after GC invocations=20 (full 5):
 PSYoungGen      total 916480K, used 0K [0x000000076b180000, 0x00000007a8900000, 0x00000007c0000000)
  eden space 829440K, 0% used [0x000000076b180000,0x000000076b180000,0x000000079db80000)
  from space 87040K, 0% used [0x000000079db80000,0x000000079db80000,0x00000007a3080000)
  to   space 88064K, 0% used [0x00000007a3300000,0x00000007a3300000,0x00000007a8900000)
 ParOldGen       total 300032K, used 128104K [0x00000006c1400000, 0x00000006d3900000, 0x000000076b180000)
  object space 300032K, 42% used [0x00000006c1400000,0x00000006c911a130,0x00000006d3900000)
 Metaspace       used 41587K, capacity 42541K, committed 42752K, reserved 1087488K
  class space    used 5239K, capacity 5589K, committed 5632K, reserved 1048576K
}
Event: 64.526 GC heap before
{Heap before GC invocations=21 (full 5):
 PSYoungGen      total 916480K, used 359958K [0x000000076b180000, 0x00000007a8900000, 0x00000007c0000000)
  eden space 829440K, 43% used [0x000000076b180000,0x0000000781105820,0x000000079db80000)
  from space 87040K, 0% used [0x000000079db80000,0x000000079db80000,0x00000007a3080000)
  to   space 88064K, 0% used [0x00000007a3300000,0x00000007a3300000,0x00000007a8900000)
 ParOldGen       total 300032K, used 128104K [0x00000006c1400000, 0x00000006d3900000, 0x000000076b180000)
  object space 300032K, 42% used [0x00000006c1400000,0x00000006c911a130,0x00000006d3900000)
 Metaspace       used 46306K, capacity 47275K, committed 47616K, reserved 1091584K
  class space    used 5766K, capacity 6112K, committed 6144K, reserved 1048576K
Event: 64.555 GC heap after
Heap after GC invocations=21 (full 5):
 PSYoungGen      total 916480K, used 55099K [0x000000076b180000, 0x00000007a8e00000, 0x00000007c0000000)
  eden space 828416K, 0% used [0x000000076b180000,0x000000076b180000,0x000000079da80000)
  from space 88064K, 62% used [0x00000007a3300000,0x00000007a68cee28,0x00000007a8900000)
  to   space 90624K, 0% used [0x000000079da80000,0x000000079da80000,0x00000007a3300000)
 ParOldGen       total 300032K, used 128112K [0x00000006c1400000, 0x00000006d3900000, 0x000000076b180000)
  object space 300032K, 42% used [0x00000006c1400000,0x00000006c911c130,0x00000006d3900000)
 Metaspace       used 46306K, capacity 47275K, committed 47616K, reserved 1091584K
  class space    used 5766K, capacity 6112K, committed 6144K, reserved 1048576K
}
Event: 64.555 GC heap before
{Heap before GC invocations=22 (full 6):
 PSYoungGen      total 916480K, used 55099K [0x000000076b180000, 0x00000007a8e00000, 0x00000007c0000000)
  eden space 828416K, 0% used [0x000000076b180000,0x000000076b180000,0x000000079da80000)
  from space 88064K, 62% used [0x00000007a3300000,0x00000007a68cee28,0x00000007a8900000)
  to   space 90624K, 0% used [0x000000079da80000,0x000000079da80000,0x00000007a3300000)
 ParOldGen       total 300032K, used 128112K [0x00000006c1400000, 0x00000006d3900000, 0x000000076b180000)
  object space 300032K, 42% used [0x00000006c1400000,0x00000006c911c130,0x00000006d3900000)
 Metaspace       used 46306K, capacity 47275K, committed 47616K, reserved 1091584K
  class space    used 5766K, capacity 6112K, committed 6144K, reserved 1048576K
Event: 64.930 GC heap after
Heap after GC invocations=22 (full 6):
 PSYoungGen      total 916480K, used 0K [0x000000076b180000, 0x00000007a8e00000, 0x00000007c0000000)
  eden space 828416K, 0% used [0x000000076b180000,0x000000076b180000,0x000000079da80000)
  from space 88064K, 0% used [0x00000007a3300000,0x00000007a3300000,0x00000007a8900000)
  to   space 90624K, 0% used [0x000000079da80000,0x000000079da80000,0x00000007a3300000)
 ParOldGen       total 300032K, used 162662K [0x00000006c1400000, 0x00000006d3900000, 0x000000076b180000)
  object space 300032K, 54% used [0x00000006c1400000,0x00000006cb2d9808,0x00000006d3900000)
 Metaspace       used 46306K, capacity 47275K, committed 47616K, reserved 1091584K
  class space    used 5766K, capacity 6112K, committed 6144K, reserved 1048576K
}
Event: 103.127 GC heap before
{Heap before GC invocations=23 (full 6):
 PSYoungGen      total 916480K, used 828416K [0x000000076b180000, 0x00000007a8e00000, 0x00000007c0000000)
  eden space 828416K, 100% used [0x000000076b180000,0x000000079da80000,0x000000079da80000)
  from space 88064K, 0% used [0x00000007a3300000,0x00000007a3300000,0x00000007a8900000)
  to   space 90624K, 0% used [0x000000079da80000,0x000000079da80000,0x00000007a3300000)
 ParOldGen       total 300032K, used 162662K [0x00000006c1400000, 0x00000006d3900000, 0x000000076b180000)
  object space 300032K, 54% used [0x00000006c1400000,0x00000006cb2d9808,0x00000006d3900000)
 Metaspace       used 51147K, capacity 52079K, committed 52608K, reserved 1095680K
  class space    used 6131K, capacity 6482K, committed 6528K, reserved 1048576K
Event: 103.174 GC heap after
Heap after GC invocations=23 (full 6):
 PSYoungGen      total 919040K, used 53018K [0x000000076b180000, 0x00000007b6200000, 0x00000007c0000000)
  eden space 828416K, 0% used [0x000000076b180000,0x000000076b180000,0x000000079da80000)
  from space 90624K, 58% used [0x000000079da80000,0x00000007a0e46ae0,0x00000007a3300000)
  to   space 91648K, 0% used [0x00000007b0880000,0x00000007b0880000,0x00000007b6200000)
 ParOldGen       total 300032K, used 162670K [0x00000006c1400000, 0x00000006d3900000, 0x000000076b180000)
  object space 300032K, 54% used [0x00000006c1400000,0x00000006cb2db808,0x00000006d3900000)
 Metaspace       used 51147K, capacity 52079K, committed 52608K, reserved 1095680K
  class space    used 6131K, capacity 6482K, committed 6528K, reserved 1048576K
}
Event: 108.093 GC heap before
{Heap before GC invocations=24 (full 6):
 PSYoungGen      total 919040K, used 881434K [0x000000076b180000, 0x00000007b6200000, 0x00000007c0000000)
  eden space 828416K, 100% used [0x000000076b180000,0x000000079da80000,0x000000079da80000)
  from space 90624K, 58% used [0x000000079da80000,0x00000007a0e46ae0,0x00000007a3300000)
  to   space 91648K, 0% used [0x00000007b0880000,0x00000007b0880000,0x00000007b6200000)
 ParOldGen       total 300032K, used 162670K [0x00000006c1400000, 0x00000006d3900000, 0x000000076b180000)
  object space 300032K, 54% used [0x00000006c1400000,0x00000006cb2db808,0x00000006d3900000)
 Metaspace       used 51176K, capacity 52079K, committed 52608K, reserved 1095680K
  class space    used 6133K, capacity 6482K, committed 6528K, reserved 1048576K
Event: 108.153 GC heap after
Heap after GC invocations=24 (full 6):
 PSYoungGen      total 1129472K, used 72936K [0x000000076b180000, 0x00000007b7400000, 0x00000007c0000000)
  eden space 1037824K, 0% used [0x000000076b180000,0x000000076b180000,0x00000007aa700000)
  from space 91648K, 79% used [0x00000007b0880000,0x00000007b4fba3f0,0x00000007b6200000)
  to   space 99840K, 0% used [0x00000007aa700000,0x00000007aa700000,0x00000007b0880000)
 ParOldGen       total 300032K, used 162678K [0x00000006c1400000, 0x00000006d3900000, 0x000000076b180000)
  object space 300032K, 54% used [0x00000006c1400000,0x00000006cb2dd808,0x00000006d3900000)
 Metaspace       used 51176K, capacity 52079K, committed 52608K, reserved 1095680K
  class space    used 6133K, capacity 6482K, committed 6528K, reserved 1048576K
}

