# JRE version: Java(TM) SE Runtime Environment (8.0_91-b14) (build 1.8.0_91-b14)
# Java VM: Java HotSpot(TM) 64-Bit Server VM (25.91-b14 mixed mode windows-amd64 compressed oops)
Heap:
 PSYoungGen      total 124928K, used 29718K [0x0000000775d80000, 0x000000077e080000, 0x00000007c0000000)
  eden space 115712K, 18% used [0x0000000775d80000,0x00000007772e1d60,0x000000077ce80000)
  from space 9216K, 84% used [0x000000077d780000,0x000000077df23b88,0x000000077e080000)
  to   space 9216K, 0% used [0x000000077ce80000,0x000000077ce80000,0x000000077d780000)
 ParOldGen       total 153088K, used 6050K [0x00000006e1800000, 0x00000006ead80000, 0x0000000775d80000)
  object space 153088K, 3% used [0x00000006e1800000,0x00000006e1de88c0,0x00000006ead80000)
 Metaspace       used 14880K, capacity 15072K, committed 15360K, reserved 1062912K
  class space    used 1704K, capacity 1730K, committed 1792K, reserved 1048576K
GC Heap History (10 events):
Event: 1.419 GC heap before
{Heap before GC invocations=1 (full 0):
 PSYoungGen      total 67072K, used 38390K [0x0000000775d80000, 0x000000077a800000, 0x00000007c0000000)
  eden space 57856K, 66% used [0x0000000775d80000,0x00000007782fdb90,0x0000000779600000)
  from space 9216K, 0% used [0x0000000779f00000,0x0000000779f00000,0x000000077a800000)
  to   space 9216K, 0% used [0x0000000779600000,0x0000000779600000,0x0000000779f00000)
 ParOldGen       total 153088K, used 0K [0x00000006e1800000, 0x00000006ead80000, 0x0000000775d80000)
  object space 153088K, 0% used [0x00000006e1800000,0x00000006e1800000,0x00000006ead80000)
 Metaspace       used 10166K, capacity 10326K, committed 10496K, reserved 1058816K
  class space    used 1210K, capacity 1239K, committed 1280K, reserved 1048576K
Event: 1.426 GC heap after
Heap after GC invocations=1 (full 0):
 PSYoungGen      total 67072K, used 5734K [0x0000000775d80000, 0x000000077a800000, 0x00000007c0000000)
  eden space 57856K, 0% used [0x0000000775d80000,0x0000000775d80000,0x0000000779600000)
  from space 9216K, 62% used [0x0000000779600000,0x0000000779b99b40,0x0000000779f00000)
  to   space 9216K, 0% used [0x0000000779f00000,0x0000000779f00000,0x000000077a800000)
 ParOldGen       total 153088K, used 80K [0x00000006e1800000, 0x00000006ead80000, 0x0000000775d80000)
  object space 153088K, 0% used [0x00000006e1800000,0x00000006e1814010,0x00000006ead80000)
 Metaspace       used 10166K, capacity 10326K, committed 10496K, reserved 1058816K
  class space    used 1210K, capacity 1239K, committed 1280K, reserved 1048576K
}
Event: 1.426 GC heap before
{Heap before GC invocations=2 (full 1):
 PSYoungGen      total 67072K, used 5734K [0x0000000775d80000, 0x000000077a800000, 0x00000007c0000000)
  eden space 57856K, 0% used [0x0000000775d80000,0x0000000775d80000,0x0000000779600000)
  from space 9216K, 62% used [0x0000000779600000,0x0000000779b99b40,0x0000000779f00000)
  to   space 9216K, 0% used [0x0000000779f00000,0x0000000779f00000,0x000000077a800000)
 ParOldGen       total 153088K, used 80K [0x00000006e1800000, 0x00000006ead80000, 0x0000000775d80000)
  object space 153088K, 0% used [0x00000006e1800000,0x00000006e1814010,0x00000006ead80000)
 Metaspace       used 10166K, capacity 10326K, committed 10496K, reserved 1058816K
  class space    used 1210K, capacity 1239K, committed 1280K, reserved 1048576K
Event: 1.448 GC heap after
Heap after GC invocations=2 (full 1):
 PSYoungGen      total 67072K, used 0K [0x0000000775d80000, 0x000000077a800000, 0x00000007c0000000)
  eden space 57856K, 0% used [0x0000000775d80000,0x0000000775d80000,0x0000000779600000)
  from space 9216K, 0% used [0x0000000779600000,0x0000000779600000,0x0000000779f00000)
  to   space 9216K, 0% used [0x0000000779f00000,0x0000000779f00000,0x000000077a800000)
 ParOldGen       total 153088K, used 5495K [0x00000006e1800000, 0x00000006ead80000, 0x0000000775d80000)
  object space 153088K, 3% used [0x00000006e1800000,0x00000006e1d5ddd0,0x00000006ead80000)
 Metaspace       used 10166K, capacity 10326K, committed 10496K, reserved 1058816K
  class space    used 1210K, capacity 1239K, committed 1280K, reserved 1048576K
}
Event: 2.779 GC heap before
{Heap before GC invocations=3 (full 1):
 PSYoungGen      total 67072K, used 57856K [0x0000000775d80000, 0x000000077a800000, 0x00000007c0000000)
  eden space 57856K, 100% used [0x0000000775d80000,0x0000000779600000,0x0000000779600000)
  from space 9216K, 0% used [0x0000000779600000,0x0000000779600000,0x0000000779f00000)
  to   space 9216K, 0% used [0x0000000779f00000,0x0000000779f00000,0x000000077a800000)
 ParOldGen       total 153088K, used 5495K [0x00000006e1800000, 0x00000006ead80000, 0x0000000775d80000)
  object space 153088K, 3% used [0x00000006e1800000,0x00000006e1d5ddd0,0x00000006ead80000)
 Metaspace       used 11873K, capacity 12052K, committed 12288K, reserved 1060864K
  class space    used 1411K, capacity 1472K, committed 1536K, reserved 1048576K
Event: 2.794 GC heap after
Heap after GC invocations=3 (full 1):
 PSYoungGen      total 67072K, used 9207K [0x0000000775d80000, 0x000000077e080000, 0x00000007c0000000)
  eden space 57856K, 0% used [0x0000000775d80000,0x0000000775d80000,0x0000000779600000)
  from space 9216K, 99% used [0x0000000779f00000,0x000000077a7fdce8,0x000000077a800000)
  to   space 9216K, 0% used [0x0000000779600000,0x0000000779600000,0x0000000779f00000)
 ParOldGen       total 153088K, used 6042K [0x00000006e1800000, 0x00000006ead80000, 0x0000000775d80000)
  object space 153088K, 3% used [0x00000006e1800000,0x00000006e1de68c0,0x00000006ead80000)
 Metaspace       used 11873K, capacity 12052K, committed 12288K, reserved 1060864K
  class space    used 1411K, capacity 1472K, committed 1536K, reserved 1048576K
}
Event: 3.650 GC heap before
{Heap before GC invocations=4 (full 1):
 PSYoungGen      total 67072K, used 67063K [0x0000000775d80000, 0x000000077e080000, 0x00000007c0000000)
  eden space 57856K, 100% used [0x0000000775d80000,0x0000000779600000,0x0000000779600000)
  from space 9216K, 99% used [0x0000000779f00000,0x000000077a7fdce8,0x000000077a800000)
  to   space 9216K, 0% used [0x0000000779600000,0x0000000779600000,0x0000000779f00000)
 ParOldGen       total 153088K, used 6042K [0x00000006e1800000, 0x00000006ead80000, 0x0000000775d80000)
  object space 153088K, 3% used [0x00000006e1800000,0x00000006e1de68c0,0x00000006ead80000)
 Metaspace       used 13457K, capacity 13684K, committed 13952K, reserved 1060864K
  class space    used 1563K, capacity 1632K, committed 1664K, reserved 1048576K
Event: 3.662 GC heap after
Heap after GC invocations=4 (full 1):
 PSYoungGen      total 67072K, used 7697K [0x0000000775d80000, 0x000000077e080000, 0x00000007c0000000)
  eden space 57856K, 0% used [0x0000000775d80000,0x0000000775d80000,0x0000000779600000)
  from space 9216K, 83% used [0x0000000779600000,0x0000000779d84448,0x0000000779f00000)
  to   space 9216K, 0% used [0x000000077d780000,0x000000077d780000,0x000000077e080000)
 ParOldGen       total 153088K, used 6042K [0x00000006e1800000, 0x00000006ead80000, 0x0000000775d80000)
  object space 153088K, 3% used [0x00000006e1800000,0x00000006e1de68c0,0x00000006ead80000)
 Metaspace       used 13457K, capacity 13684K, committed 13952K, reserved 1060864K
  class space    used 1563K, capacity 1632K, committed 1664K, reserved 1048576K
}
Event: 4.037 GC heap before
{Heap before GC invocations=5 (full 1):
 PSYoungGen      total 67072K, used 57107K [0x0000000775d80000, 0x000000077e080000, 0x00000007c0000000)
  eden space 57856K, 85% used [0x0000000775d80000,0x0000000778dc07d0,0x0000000779600000)
  from space 9216K, 83% used [0x0000000779600000,0x0000000779d84448,0x0000000779f00000)
  to   space 9216K, 0% used [0x000000077d780000,0x000000077d780000,0x000000077e080000)
 ParOldGen       total 153088K, used 6042K [0x00000006e1800000, 0x00000006ead80000, 0x0000000775d80000)
  object space 153088K, 3% used [0x00000006e1800000,0x00000006e1de68c0,0x00000006ead80000)
 Metaspace       used 14306K, capacity 14528K, committed 14848K, reserved 1062912K
  class space    used 1636K, capacity 1698K, committed 1792K, reserved 1048576K
Event: 4.052 GC heap after
Heap after GC invocations=5 (full 1):
 PSYoungGen      total 124928K, used 7822K [0x0000000775d80000, 0x000000077e080000, 0x00000007c0000000)
  eden space 115712K, 0% used [0x0000000775d80000,0x0000000775d80000,0x000000077ce80000)
  from space 9216K, 84% used [0x000000077d780000,0x000000077df23b88,0x000000077e080000)
  to   space 9216K, 0% used [0x000000077ce80000,0x000000077ce80000,0x000000077d780000)
 ParOldGen       total 153088K, used 6050K [0x00000006e1800000, 0x00000006ead80000, 0x0000000775d80000)
  object space 153088K, 3% used [0x00000006e1800000,0x00000006e1de88c0,0x00000006ead80000)
 Metaspace       used 14306K, capacity 14528K, committed 14848K, reserved 1062912K
  class space    used 1636K, capacity 1698K, committed 1792K, reserved 1048576K
}

