# JRE version: Java(TM) SE Runtime Environment (8.0_91-b14) (build 1.8.0_91-b14)
# Java VM: Java HotSpot(TM) 64-Bit Server VM (25.91-b14 mixed mode windows-amd64 compressed oops)
Heap:
 PSYoungGen      total 1241600K, used 756087K [0x000000076b180000, 0x00000007be400000, 0x00000007c0000000)
  eden space 1126912K, 60% used [0x000000076b180000,0x0000000794cd2428,0x00000007afe00000)
  from space 114688K, 63% used [0x00000007b7400000,0x00000007bbb0b8e0,0x00000007be400000)
  to   space 117760K, 0% used [0x00000007afe00000,0x00000007afe00000,0x00000007b7100000)
 ParOldGen       total 988160K, used 673513K [0x00000006c1400000, 0x00000006fd900000, 0x000000076b180000)
  object space 988160K, 68% used [0x00000006c1400000,0x00000006ea5ba4f0,0x00000006fd900000)
 Metaspace       used 55408K, capacity 56445K, committed 56960K, reserved 1099776K
  class space    used 6555K, capacity 6927K, committed 7040K, reserved 1048576K
GC Heap History (10 events):
Event: 373.970 GC heap before
{Heap before GC invocations=49 (full 9):
 PSYoungGen      total 1224192K, used 1155808K [0x000000076b180000, 0x00000007bec00000, 0x00000007c0000000)
  eden space 1088512K, 100% used [0x000000076b180000,0x00000007ad880000,0x00000007ad880000)
  from space 135680K, 49% used [0x00000007ad880000,0x00000007b1a381f0,0x00000007b5d00000)
  to   space 131584K, 0% used [0x00000007b6b80000,0x00000007b6b80000,0x00000007bec00000)
 ParOldGen       total 988160K, used 673489K [0x00000006c1400000, 0x00000006fd900000, 0x000000076b180000)
  object space 988160K, 68% used [0x00000006c1400000,0x00000006ea5b44f0,0x00000006fd900000)
 Metaspace       used 55272K, capacity 56299K, committed 56704K, reserved 1099776K
  class space    used 6548K, capacity 6924K, committed 7040K, reserved 1048576K
Event: 373.991 GC heap after
Heap after GC invocations=49 (full 9):
 PSYoungGen      total 1224704K, used 65190K [0x000000076b180000, 0x00000007be080000, 0x00000007c0000000)
  eden space 1104896K, 0% used [0x000000076b180000,0x000000076b180000,0x00000007ae880000)
  from space 119808K, 54% used [0x00000007b6b80000,0x00000007bab29918,0x00000007be080000)
  to   space 126976K, 0% used [0x00000007ae880000,0x00000007ae880000,0x00000007b6480000)
 ParOldGen       total 988160K, used 673497K [0x00000006c1400000, 0x00000006fd900000, 0x000000076b180000)
  object space 988160K, 68% used [0x00000006c1400000,0x00000006ea5b64f0,0x00000006fd900000)
 Metaspace       used 55272K, capacity 56299K, committed 56704K, reserved 1099776K
  class space    used 6548K, capacity 6924K, committed 7040K, reserved 1048576K
}
Event: 384.489 GC heap before
{Heap before GC invocations=50 (full 9):
 PSYoungGen      total 1224704K, used 1170086K [0x000000076b180000, 0x00000007be080000, 0x00000007c0000000)
  eden space 1104896K, 100% used [0x000000076b180000,0x00000007ae880000,0x00000007ae880000)
  from space 119808K, 54% used [0x00000007b6b80000,0x00000007bab29918,0x00000007be080000)
  to   space 126976K, 0% used [0x00000007ae880000,0x00000007ae880000,0x00000007b6480000)
 ParOldGen       total 988160K, used 673497K [0x00000006c1400000, 0x00000006fd900000, 0x000000076b180000)
  object space 988160K, 68% used [0x00000006c1400000,0x00000006ea5b64f0,0x00000006fd900000)
 Metaspace       used 55301K, capacity 56375K, committed 56704K, reserved 1099776K
  class space    used 6549K, capacity 6926K, committed 7040K, reserved 1048576K
Event: 384.510 GC heap after
Heap after GC invocations=50 (full 9):
 PSYoungGen      total 1231872K, used 67374K [0x000000076b180000, 0x00000007be700000, 0x00000007c0000000)
  eden space 1104896K, 0% used [0x000000076b180000,0x000000076b180000,0x00000007ae880000)
  from space 126976K, 53% used [0x00000007ae880000,0x00000007b2a4b848,0x00000007b6480000)
  to   space 123392K, 0% used [0x00000007b6e80000,0x00000007b6e80000,0x00000007be700000)
 ParOldGen       total 988160K, used 673505K [0x00000006c1400000, 0x00000006fd900000, 0x000000076b180000)
  object space 988160K, 68% used [0x00000006c1400000,0x00000006ea5b84f0,0x00000006fd900000)
 Metaspace       used 55301K, capacity 56375K, committed 56704K, reserved 1099776K
  class space    used 6549K, capacity 6926K, committed 7040K, reserved 1048576K
}
Event: 393.602 GC heap before
{Heap before GC invocations=51 (full 9):
 PSYoungGen      total 1231872K, used 1172270K [0x000000076b180000, 0x00000007be700000, 0x00000007c0000000)
  eden space 1104896K, 100% used [0x000000076b180000,0x00000007ae880000,0x00000007ae880000)
  from space 126976K, 53% used [0x00000007ae880000,0x00000007b2a4b848,0x00000007b6480000)
  to   space 123392K, 0% used [0x00000007b6e80000,0x00000007b6e80000,0x00000007be700000)
 ParOldGen       total 988160K, used 673505K [0x00000006c1400000, 0x00000006fd900000, 0x000000076b180000)
  object space 988160K, 68% used [0x00000006c1400000,0x00000006ea5b84f0,0x00000006fd900000)
 Metaspace       used 55315K, capacity 56381K, committed 56704K, reserved 1099776K
  class space    used 6550K, capacity 6927K, committed 7040K, reserved 1048576K
Event: 393.624 GC heap after
Heap after GC invocations=51 (full 9):
 PSYoungGen      total 1233920K, used 70510K [0x000000076b180000, 0x00000007be080000, 0x00000007c0000000)
  eden space 1117184K, 0% used [0x000000076b180000,0x000000076b180000,0x00000007af480000)
  from space 116736K, 60% used [0x00000007b6e80000,0x00000007bb35b970,0x00000007be080000)
  to   space 120832K, 0% used [0x00000007af480000,0x00000007af480000,0x00000007b6a80000)
 ParOldGen       total 988160K, used 673505K [0x00000006c1400000, 0x00000006fd900000, 0x000000076b180000)
  object space 988160K, 68% used [0x00000006c1400000,0x00000006ea5b84f0,0x00000006fd900000)
 Metaspace       used 55315K, capacity 56381K, committed 56704K, reserved 1099776K
  class space    used 6550K, capacity 6927K, committed 7040K, reserved 1048576K
}
Event: 402.778 GC heap before
{Heap before GC invocations=52 (full 9):
 PSYoungGen      total 1233920K, used 1187694K [0x000000076b180000, 0x00000007be080000, 0x00000007c0000000)
  eden space 1117184K, 100% used [0x000000076b180000,0x00000007af480000,0x00000007af480000)
  from space 116736K, 60% used [0x00000007b6e80000,0x00000007bb35b970,0x00000007be080000)
  to   space 120832K, 0% used [0x00000007af480000,0x00000007af480000,0x00000007b6a80000)
 ParOldGen       total 988160K, used 673505K [0x00000006c1400000, 0x00000006fd900000, 0x000000076b180000)
  object space 988160K, 68% used [0x00000006c1400000,0x00000006ea5b84f0,0x00000006fd900000)
 Metaspace       used 55330K, capacity 56381K, committed 56704K, reserved 1099776K
  class space    used 6550K, capacity 6927K, committed 7040K, reserved 1048576K
Event: 402.803 GC heap after
Heap after GC invocations=52 (full 9):
 PSYoungGen      total 1238016K, used 72480K [0x000000076b180000, 0x00000007be880000, 0x00000007c0000000)
  eden space 1117184K, 0% used [0x000000076b180000,0x000000076b180000,0x00000007af480000)
  from space 120832K, 59% used [0x00000007af480000,0x00000007b3b483a8,0x00000007b6a80000)
  to   space 119296K, 0% used [0x00000007b7400000,0x00000007b7400000,0x00000007be880000)
 ParOldGen       total 988160K, used 673513K [0x00000006c1400000, 0x00000006fd900000, 0x000000076b180000)
  object space 988160K, 68% used [0x00000006c1400000,0x00000006ea5ba4f0,0x00000006fd900000)
 Metaspace       used 55330K, capacity 56381K, committed 56704K, reserved 1099776K
  class space    used 6550K, capacity 6927K, committed 7040K, reserved 1048576K
}
Event: 413.542 GC heap before
{Heap before GC invocations=53 (full 9):
 PSYoungGen      total 1238016K, used 1189664K [0x000000076b180000, 0x00000007be880000, 0x00000007c0000000)
  eden space 1117184K, 100% used [0x000000076b180000,0x00000007af480000,0x00000007af480000)
  from space 120832K, 59% used [0x00000007af480000,0x00000007b3b483a8,0x00000007b6a80000)
  to   space 119296K, 0% used [0x00000007b7400000,0x00000007b7400000,0x00000007be880000)
 ParOldGen       total 988160K, used 673513K [0x00000006c1400000, 0x00000006fd900000, 0x000000076b180000)
  object space 988160K, 68% used [0x00000006c1400000,0x00000006ea5ba4f0,0x00000006fd900000)
 Metaspace       used 55395K, capacity 56445K, committed 56960K, reserved 1099776K
  class space    used 6555K, capacity 6927K, committed 7040K, reserved 1048576K
Event: 413.565 GC heap after
Heap after GC invocations=53 (full 9):
 PSYoungGen      total 1241600K, used 72750K [0x000000076b180000, 0x00000007be400000, 0x00000007c0000000)
  eden space 1126912K, 0% used [0x000000076b180000,0x000000076b180000,0x00000007afe00000)
  from space 114688K, 63% used [0x00000007b7400000,0x00000007bbb0b8e0,0x00000007be400000)
  to   space 117760K, 0% used [0x00000007afe00000,0x00000007afe00000,0x00000007b7100000)
 ParOldGen       total 988160K, used 673513K [0x00000006c1400000, 0x00000006fd900000, 0x000000076b180000)
  object space 988160K, 68% used [0x00000006c1400000,0x00000006ea5ba4f0,0x00000006fd900000)
 Metaspace       used 55395K, capacity 56445K, committed 56960K, reserved 1099776K
  class space    used 6555K, capacity 6927K, committed 7040K, reserved 1048576K
}

