# JRE version: Java(TM) SE Runtime Environment (8.0_91-b14) (build 1.8.0_91-b14)
# Java VM: Java HotSpot(TM) 64-Bit Server VM (25.91-b14 mixed mode windows-amd64 compressed oops)
Heap:
 PSYoungGen      total 141824K, used 136897K [0x000000076b180000, 0x0000000774680000, 0x00000007c0000000)
  eden space 131072K, 96% used [0x000000076b180000,0x0000000772cb86f8,0x0000000773180000)
  from space 10752K, 99% used [0x0000000773c00000,0x0000000774678010,0x0000000774680000)
  to   space 10752K, 0% used [0x0000000773180000,0x0000000773180000,0x0000000773c00000)
 ParOldGen       total 175104K, used 14410K [0x00000006c1400000, 0x00000006cbf00000, 0x000000076b180000)
  object space 175104K, 8% used [0x00000006c1400000,0x00000006c2212b88,0x00000006cbf00000)
 Metaspace       used 19418K, capacity 19700K, committed 19968K, reserved 1067008K
  class space    used 2401K, capacity 2506K, committed 2560K, reserved 1048576K
GC Heap History (10 events):
Event: 1.162 GC heap before
{Heap before GC invocations=1 (full 0):
 PSYoungGen      total 76288K, used 38613K [0x000000076b180000, 0x0000000770680000, 0x00000007c0000000)
  eden space 65536K, 58% used [0x000000076b180000,0x000000076d735560,0x000000076f180000)
  from space 10752K, 0% used [0x000000076fc00000,0x000000076fc00000,0x0000000770680000)
  to   space 10752K, 0% used [0x000000076f180000,0x000000076f180000,0x000000076fc00000)
 ParOldGen       total 175104K, used 0K [0x00000006c1400000, 0x00000006cbf00000, 0x000000076b180000)
  object space 175104K, 0% used [0x00000006c1400000,0x00000006c1400000,0x00000006cbf00000)
 Metaspace       used 10163K, capacity 10326K, committed 10496K, reserved 1058816K
  class space    used 1211K, capacity 1239K, committed 1280K, reserved 1048576K
Event: 1.171 GC heap after
Heap after GC invocations=1 (full 0):
 PSYoungGen      total 76288K, used 5719K [0x000000076b180000, 0x0000000770680000, 0x00000007c0000000)
  eden space 65536K, 0% used [0x000000076b180000,0x000000076b180000,0x000000076f180000)
  from space 10752K, 53% used [0x000000076f180000,0x000000076f715f48,0x000000076fc00000)
  to   space 10752K, 0% used [0x000000076fc00000,0x000000076fc00000,0x0000000770680000)
 ParOldGen       total 175104K, used 80K [0x00000006c1400000, 0x00000006cbf00000, 0x000000076b180000)
  object space 175104K, 0% used [0x00000006c1400000,0x00000006c1414010,0x00000006cbf00000)
 Metaspace       used 10163K, capacity 10326K, committed 10496K, reserved 1058816K
  class space    used 1211K, capacity 1239K, committed 1280K, reserved 1048576K
}
Event: 1.171 GC heap before
{Heap before GC invocations=2 (full 1):
 PSYoungGen      total 76288K, used 5719K [0x000000076b180000, 0x0000000770680000, 0x00000007c0000000)
  eden space 65536K, 0% used [0x000000076b180000,0x000000076b180000,0x000000076f180000)
  from space 10752K, 53% used [0x000000076f180000,0x000000076f715f48,0x000000076fc00000)
  to   space 10752K, 0% used [0x000000076fc00000,0x000000076fc00000,0x0000000770680000)
 ParOldGen       total 175104K, used 80K [0x00000006c1400000, 0x00000006cbf00000, 0x000000076b180000)
  object space 175104K, 0% used [0x00000006c1400000,0x00000006c1414010,0x00000006cbf00000)
 Metaspace       used 10163K, capacity 10326K, committed 10496K, reserved 1058816K
  class space    used 1211K, capacity 1239K, committed 1280K, reserved 1048576K
Event: 1.191 GC heap after
Heap after GC invocations=2 (full 1):
 PSYoungGen      total 76288K, used 0K [0x000000076b180000, 0x0000000770680000, 0x00000007c0000000)
  eden space 65536K, 0% used [0x000000076b180000,0x000000076b180000,0x000000076f180000)
  from space 10752K, 0% used [0x000000076f180000,0x000000076f180000,0x000000076fc00000)
  to   space 10752K, 0% used [0x000000076fc00000,0x000000076fc00000,0x0000000770680000)
 ParOldGen       total 175104K, used 5505K [0x00000006c1400000, 0x00000006cbf00000, 0x000000076b180000)
  object space 175104K, 3% used [0x00000006c1400000,0x00000006c19607e0,0x00000006cbf00000)
 Metaspace       used 10163K, capacity 10326K, committed 10496K, reserved 1058816K
  class space    used 1211K, capacity 1239K, committed 1280K, reserved 1048576K
}
Event: 3.261 GC heap before
{Heap before GC invocations=3 (full 1):
 PSYoungGen      total 76288K, used 65536K [0x000000076b180000, 0x0000000770680000, 0x00000007c0000000)
  eden space 65536K, 100% used [0x000000076b180000,0x000000076f180000,0x000000076f180000)
  from space 10752K, 0% used [0x000000076f180000,0x000000076f180000,0x000000076fc00000)
  to   space 10752K, 0% used [0x000000076fc00000,0x000000076fc00000,0x0000000770680000)
 ParOldGen       total 175104K, used 5505K [0x00000006c1400000, 0x00000006cbf00000, 0x000000076b180000)
  object space 175104K, 3% used [0x00000006c1400000,0x00000006c19607e0,0x00000006cbf00000)
 Metaspace       used 11877K, capacity 12052K, committed 12288K, reserved 1060864K
  class space    used 1411K, capacity 1472K, committed 1536K, reserved 1048576K
Event: 3.280 GC heap after
Heap after GC invocations=3 (full 1):
 PSYoungGen      total 76288K, used 10736K [0x000000076b180000, 0x0000000770680000, 0x00000007c0000000)
  eden space 65536K, 0% used [0x000000076b180000,0x000000076b180000,0x000000076f180000)
  from space 10752K, 99% used [0x000000076fc00000,0x000000077067c210,0x0000000770680000)
  to   space 10752K, 0% used [0x000000076f180000,0x000000076f180000,0x000000076fc00000)
 ParOldGen       total 175104K, used 5758K [0x00000006c1400000, 0x00000006cbf00000, 0x000000076b180000)
  object space 175104K, 3% used [0x00000006c1400000,0x00000006c199fa08,0x00000006cbf00000)
 Metaspace       used 11877K, capacity 12052K, committed 12288K, reserved 1060864K
  class space    used 1411K, capacity 1472K, committed 1536K, reserved 1048576K
}
Event: 4.443 GC heap before
{Heap before GC invocations=4 (full 1):
 PSYoungGen      total 76288K, used 76272K [0x000000076b180000, 0x0000000770680000, 0x00000007c0000000)
  eden space 65536K, 100% used [0x000000076b180000,0x000000076f180000,0x000000076f180000)
  from space 10752K, 99% used [0x000000076fc00000,0x000000077067c210,0x0000000770680000)
  to   space 10752K, 0% used [0x000000076f180000,0x000000076f180000,0x000000076fc00000)
 ParOldGen       total 175104K, used 5758K [0x00000006c1400000, 0x00000006cbf00000, 0x000000076b180000)
  object space 175104K, 3% used [0x00000006c1400000,0x00000006c199fa08,0x00000006cbf00000)
 Metaspace       used 13653K, capacity 13812K, committed 13952K, reserved 1060864K
  class space    used 1581K, capacity 1632K, committed 1664K, reserved 1048576K
Event: 4.457 GC heap after
Heap after GC invocations=4 (full 1):
 PSYoungGen      total 76288K, used 8001K [0x000000076b180000, 0x0000000774680000, 0x00000007c0000000)
  eden space 65536K, 0% used [0x000000076b180000,0x000000076b180000,0x000000076f180000)
  from space 10752K, 74% used [0x000000076f180000,0x000000076f950420,0x000000076fc00000)
  to   space 10752K, 0% used [0x0000000773c00000,0x0000000773c00000,0x0000000774680000)
 ParOldGen       total 175104K, used 5758K [0x00000006c1400000, 0x00000006cbf00000, 0x000000076b180000)
  object space 175104K, 3% used [0x00000006c1400000,0x00000006c199fa08,0x00000006cbf00000)
 Metaspace       used 13653K, capacity 13812K, committed 13952K, reserved 1060864K
  class space    used 1581K, capacity 1632K, committed 1664K, reserved 1048576K
}
Event: 5.193 GC heap before
{Heap before GC invocations=5 (full 1):
 PSYoungGen      total 76288K, used 73537K [0x000000076b180000, 0x0000000774680000, 0x00000007c0000000)
  eden space 65536K, 100% used [0x000000076b180000,0x000000076f180000,0x000000076f180000)
  from space 10752K, 74% used [0x000000076f180000,0x000000076f950420,0x000000076fc00000)
  to   space 10752K, 0% used [0x0000000773c00000,0x0000000773c00000,0x0000000774680000)
 ParOldGen       total 175104K, used 5758K [0x00000006c1400000, 0x00000006cbf00000, 0x000000076b180000)
  object space 175104K, 3% used [0x00000006c1400000,0x00000006c199fa08,0x00000006cbf00000)
 Metaspace       used 15336K, capacity 15552K, committed 15744K, reserved 1062912K
  class space    used 1752K, capacity 1826K, committed 1920K, reserved 1048576K
Event: 5.228 GC heap after
Heap after GC invocations=5 (full 1):
 PSYoungGen      total 141824K, used 10720K [0x000000076b180000, 0x0000000774680000, 0x00000007c0000000)
  eden space 131072K, 0% used [0x000000076b180000,0x000000076b180000,0x0000000773180000)
  from space 10752K, 99% used [0x0000000773c00000,0x0000000774678010,0x0000000774680000)
  to   space 10752K, 0% used [0x0000000773180000,0x0000000773180000,0x0000000773c00000)
 ParOldGen       total 175104K, used 14410K [0x00000006c1400000, 0x00000006cbf00000, 0x000000076b180000)
  object space 175104K, 8% used [0x00000006c1400000,0x00000006c2212b88,0x00000006cbf00000)
 Metaspace       used 15336K, capacity 15552K, committed 15744K, reserved 1062912K
  class space    used 1752K, capacity 1826K, committed 1920K, reserved 1048576K
}

