# JRE version: Java(TM) SE Runtime Environment (8.0_241-b07) (build 1.8.0_241-b07)
# Java VM: Java HotSpot(TM) 64-Bit Server VM (25.241-b07 mixed mode windows-amd64 compressed oops)
Heap:
 PSYoungGen      total 679936K, used 251531K [0x000000076b000000, 0x000000079b180000, 0x00000007c0000000)
  eden space 611328K, 30% used [0x000000076b000000,0x0000000776817960,0x0000000790500000)
  from space 68608K, 91% used [0x0000000795080000,0x0000000798e0b618,0x0000000799380000)
  to   space 77312K, 0% used [0x0000000790500000,0x0000000790500000,0x0000000795080000)
 ParOldGen       total 254464K, used 197304K [0x00000006c1000000, 0x00000006d0880000, 0x000000076b000000)
  object space 254464K, 77% used [0x00000006c1000000,0x00000006cd0ae020,0x00000006d0880000)
 Metaspace       used 41016K, capacity 41955K, committed 42240K, reserved 1085440K
  class space    used 5018K, capacity 5376K, committed 5376K, reserved 1048576K
GC Heap History (10 events):
Event: 26.568 GC heap before
{Heap before GC invocations=23 (full 3):
 PSYoungGen      total 450560K, used 411723K [0x000000076b000000, 0x000000078dc00000, 0x00000007c0000000)
  eden space 397312K, 100% used [0x000000076b000000,0x0000000783400000,0x0000000783400000)
  from space 53248K, 27% used [0x0000000783400000,0x0000000784212ec0,0x0000000786800000)
  to   space 51200K, 0% used [0x000000078aa00000,0x000000078aa00000,0x000000078dc00000)
 ParOldGen       total 254464K, used 140838K [0x00000006c1000000, 0x00000006d0880000, 0x000000076b000000)
  object space 254464K, 55% used [0x00000006c1000000,0x00000006c9989ba0,0x00000006d0880000)
 Metaspace       used 30166K, capacity 30487K, committed 30976K, reserved 1077248K
  class space    used 3671K, capacity 3741K, committed 3840K, reserved 1048576K
Event: 26.582 GC heap after
Heap after GC invocations=23 (full 3):
 PSYoungGen      total 517120K, used 19398K [0x000000076b000000, 0x000000078d880000, 0x00000007c0000000)
  eden space 469504K, 0% used [0x000000076b000000,0x000000076b000000,0x0000000787a80000)
  from space 47616K, 40% used [0x000000078aa00000,0x000000078bcf1920,0x000000078d880000)
  to   space 48128K, 0% used [0x0000000787a80000,0x0000000787a80000,0x000000078a980000)
 ParOldGen       total 254464K, used 154430K [0x00000006c1000000, 0x00000006d0880000, 0x000000076b000000)
  object space 254464K, 60% used [0x00000006c1000000,0x00000006ca6cf920,0x00000006d0880000)
 Metaspace       used 30166K, capacity 30487K, committed 30976K, reserved 1077248K
  class space    used 3671K, capacity 3741K, committed 3840K, reserved 1048576K
}
Event: 35.894 GC heap before
{Heap before GC invocations=24 (full 3):
 PSYoungGen      total 517120K, used 488902K [0x000000076b000000, 0x000000078d880000, 0x00000007c0000000)
  eden space 469504K, 100% used [0x000000076b000000,0x0000000787a80000,0x0000000787a80000)
  from space 47616K, 40% used [0x000000078aa00000,0x000000078bcf1920,0x000000078d880000)
  to   space 48128K, 0% used [0x0000000787a80000,0x0000000787a80000,0x000000078a980000)
 ParOldGen       total 254464K, used 154430K [0x00000006c1000000, 0x00000006d0880000, 0x000000076b000000)
  object space 254464K, 60% used [0x00000006c1000000,0x00000006ca6cf920,0x00000006d0880000)
 Metaspace       used 30170K, capacity 30487K, committed 30976K, reserved 1077248K
  class space    used 3671K, capacity 3741K, committed 3840K, reserved 1048576K
Event: 35.910 GC heap after
Heap after GC invocations=24 (full 3):
 PSYoungGen      total 517632K, used 38613K [0x000000076b000000, 0x0000000792980000, 0x00000007c0000000)
  eden space 469504K, 0% used [0x000000076b000000,0x000000076b000000,0x0000000787a80000)
  from space 48128K, 80% used [0x0000000787a80000,0x000000078a0354f8,0x000000078a980000)
  to   space 52224K, 0% used [0x000000078f680000,0x000000078f680000,0x0000000792980000)
 ParOldGen       total 254464K, used 154430K [0x00000006c1000000, 0x00000006d0880000, 0x000000076b000000)
  object space 254464K, 60% used [0x00000006c1000000,0x00000006ca6cf920,0x00000006d0880000)
 Metaspace       used 30170K, capacity 30487K, committed 30976K, reserved 1077248K
  class space    used 3671K, capacity 3741K, committed 3840K, reserved 1048576K
}
Event: 40.337 GC heap before
{Heap before GC invocations=25 (full 3):
 PSYoungGen      total 517632K, used 508117K [0x000000076b000000, 0x0000000792980000, 0x00000007c0000000)
  eden space 469504K, 100% used [0x000000076b000000,0x0000000787a80000,0x0000000787a80000)
  from space 48128K, 80% used [0x0000000787a80000,0x000000078a0354f8,0x000000078a980000)
  to   space 52224K, 0% used [0x000000078f680000,0x000000078f680000,0x0000000792980000)
 ParOldGen       total 254464K, used 154430K [0x00000006c1000000, 0x00000006d0880000, 0x000000076b000000)
  object space 254464K, 60% used [0x00000006c1000000,0x00000006ca6cf920,0x00000006d0880000)
 Metaspace       used 37316K, capacity 38249K, committed 38656K, reserved 1083392K
  class space    used 4484K, capacity 4829K, committed 4864K, reserved 1048576K
Event: 40.368 GC heap after
Heap after GC invocations=25 (full 3):
 PSYoungGen      total 583680K, used 52208K [0x000000076b000000, 0x0000000794380000, 0x00000007c0000000)
  eden space 531456K, 0% used [0x000000076b000000,0x000000076b000000,0x000000078b700000)
  from space 52224K, 99% used [0x000000078f680000,0x000000079297c1f0,0x0000000792980000)
  to   space 65024K, 0% used [0x000000078b700000,0x000000078b700000,0x000000078f680000)
 ParOldGen       total 254464K, used 166043K [0x00000006c1000000, 0x00000006d0880000, 0x000000076b000000)
  object space 254464K, 65% used [0x00000006c1000000,0x00000006cb226d58,0x00000006d0880000)
 Metaspace       used 37316K, capacity 38249K, committed 38656K, reserved 1083392K
  class space    used 4484K, capacity 4829K, committed 4864K, reserved 1048576K
}
Event: 44.728 GC heap before
{Heap before GC invocations=26 (full 3):
 PSYoungGen      total 583680K, used 583664K [0x000000076b000000, 0x0000000794380000, 0x00000007c0000000)
  eden space 531456K, 100% used [0x000000076b000000,0x000000078b700000,0x000000078b700000)
  from space 52224K, 99% used [0x000000078f680000,0x000000079297c1f0,0x0000000792980000)
  to   space 65024K, 0% used [0x000000078b700000,0x000000078b700000,0x000000078f680000)
 ParOldGen       total 254464K, used 166043K [0x00000006c1000000, 0x00000006d0880000, 0x000000076b000000)
  object space 254464K, 65% used [0x00000006c1000000,0x00000006cb226d58,0x00000006d0880000)
 Metaspace       used 39016K, capacity 39957K, committed 40192K, reserved 1085440K
  class space    used 4749K, capacity 5119K, committed 5120K, reserved 1048576K
Event: 44.764 GC heap after
Heap after GC invocations=26 (full 3):
 PSYoungGen      total 596480K, used 45628K [0x000000076b000000, 0x0000000799380000, 0x00000007c0000000)
  eden space 531456K, 0% used [0x000000076b000000,0x000000076b000000,0x000000078b700000)
  from space 65024K, 70% used [0x000000078b700000,0x000000078e38f160,0x000000078f680000)
  to   space 68608K, 0% used [0x0000000795080000,0x0000000795080000,0x0000000799380000)
 ParOldGen       total 254464K, used 197296K [0x00000006c1000000, 0x00000006d0880000, 0x000000076b000000)
  object space 254464K, 77% used [0x00000006c1000000,0x00000006cd0ac020,0x00000006d0880000)
 Metaspace       used 39016K, capacity 39957K, committed 40192K, reserved 1085440K
  class space    used 4749K, capacity 5119K, committed 5120K, reserved 1048576K
}
Event: 46.744 GC heap before
{Heap before GC invocations=27 (full 3):
 PSYoungGen      total 596480K, used 577084K [0x000000076b000000, 0x0000000799380000, 0x00000007c0000000)
  eden space 531456K, 100% used [0x000000076b000000,0x000000078b700000,0x000000078b700000)
  from space 65024K, 70% used [0x000000078b700000,0x000000078e38f160,0x000000078f680000)
  to   space 68608K, 0% used [0x0000000795080000,0x0000000795080000,0x0000000799380000)
 ParOldGen       total 254464K, used 197296K [0x00000006c1000000, 0x00000006d0880000, 0x000000076b000000)
  object space 254464K, 77% used [0x00000006c1000000,0x00000006cd0ac020,0x00000006d0880000)
 Metaspace       used 40956K, capacity 41955K, committed 42240K, reserved 1085440K
  class space    used 5018K, capacity 5376K, committed 5376K, reserved 1048576K
Event: 46.774 GC heap after
Heap after GC invocations=27 (full 3):
 PSYoungGen      total 679936K, used 63021K [0x000000076b000000, 0x000000079b180000, 0x00000007c0000000)
  eden space 611328K, 0% used [0x000000076b000000,0x000000076b000000,0x0000000790500000)
  from space 68608K, 91% used [0x0000000795080000,0x0000000798e0b618,0x0000000799380000)
  to   space 77312K, 0% used [0x0000000790500000,0x0000000790500000,0x0000000795080000)
 ParOldGen       total 254464K, used 197304K [0x00000006c1000000, 0x00000006d0880000, 0x000000076b000000)
  object space 254464K, 77% used [0x00000006c1000000,0x00000006cd0ae020,0x00000006d0880000)
 Metaspace       used 40956K, capacity 41955K, committed 42240K, reserved 1085440K
  class space    used 5018K, capacity 5376K, committed 5376K, reserved 1048576K
}

