# JRE version: Java(TM) SE Runtime Environment (8.0_91-b14) (build 1.8.0_91-b14)
# Java VM: Java HotSpot(TM) 64-Bit Server VM (25.91-b14 mixed mode windows-amd64 compressed oops)
Heap:
 PSYoungGen      total 826880K, used 458052K [0x000000076b180000, 0x00000007aaf00000, 0x00000007c0000000)
  eden space 729600K, 57% used [0x000000076b180000,0x0000000784b57728,0x0000000797a00000)
  from space 97280K, 39% used [0x0000000797a00000,0x0000000799f79b50,0x000000079d900000)
  to   space 93696K, 0% used [0x00000007a5380000,0x00000007a5380000,0x00000007aaf00000)
 ParOldGen       total 383488K, used 183600K [0x00000006c1400000, 0x00000006d8a80000, 0x000000076b180000)
  object space 383488K, 47% used [0x00000006c1400000,0x00000006cc74c038,0x00000006d8a80000)
 Metaspace       used 53713K, capacity 54619K, committed 55040K, reserved 1097728K
  class space    used 6528K, capacity 6874K, committed 6912K, reserved 1048576K
GC Heap History (10 events):
Event: 329.648 GC heap before
{Heap before GC invocations=32 (full 7):
 PSYoungGen      total 829952K, used 5737K [0x000000076b180000, 0x00000007a4300000, 0x00000007c0000000)
  eden space 729600K, 0% used [0x000000076b180000,0x000000076b71a6e0,0x0000000797a00000)
  from space 100352K, 0% used [0x000000079e100000,0x000000079e100000,0x00000007a4300000)
  to   space 102912K, 0% used [0x0000000797a00000,0x0000000797a00000,0x000000079de80000)
 ParOldGen       total 383488K, used 150610K [0x00000006c1400000, 0x00000006d8a80000, 0x000000076b180000)
  object space 383488K, 39% used [0x00000006c1400000,0x00000006ca714a28,0x00000006d8a80000)
 Metaspace       used 47223K, capacity 48175K, committed 48640K, reserved 1091584K
  class space    used 5963K, capacity 6306K, committed 6400K, reserved 1048576K
Event: 329.650 GC heap after
Heap after GC invocations=32 (full 7):
 PSYoungGen      total 730112K, used 32K [0x000000076b180000, 0x00000007a3f00000, 0x00000007c0000000)
  eden space 729600K, 0% used [0x000000076b180000,0x000000076b180000,0x0000000797a00000)
  from space 512K, 6% used [0x0000000797a00000,0x0000000797a08000,0x0000000797a80000)
  to   space 100864K, 0% used [0x000000079dc80000,0x000000079dc80000,0x00000007a3f00000)
 ParOldGen       total 383488K, used 150610K [0x00000006c1400000, 0x00000006d8a80000, 0x000000076b180000)
  object space 383488K, 39% used [0x00000006c1400000,0x00000006ca714a28,0x00000006d8a80000)
 Metaspace       used 47223K, capacity 48175K, committed 48640K, reserved 1091584K
  class space    used 5963K, capacity 6306K, committed 6400K, reserved 1048576K
}
Event: 329.650 GC heap before
{Heap before GC invocations=33 (full 8):
 PSYoungGen      total 730112K, used 32K [0x000000076b180000, 0x00000007a3f00000, 0x00000007c0000000)
  eden space 729600K, 0% used [0x000000076b180000,0x000000076b180000,0x0000000797a00000)
  from space 512K, 6% used [0x0000000797a00000,0x0000000797a08000,0x0000000797a80000)
  to   space 100864K, 0% used [0x000000079dc80000,0x000000079dc80000,0x00000007a3f00000)
 ParOldGen       total 383488K, used 150610K [0x00000006c1400000, 0x00000006d8a80000, 0x000000076b180000)
  object space 383488K, 39% used [0x00000006c1400000,0x00000006ca714a28,0x00000006d8a80000)
 Metaspace       used 47223K, capacity 48175K, committed 48640K, reserved 1091584K
  class space    used 5963K, capacity 6306K, committed 6400K, reserved 1048576K
Event: 329.904 GC heap after
Heap after GC invocations=33 (full 8):
 PSYoungGen      total 730112K, used 0K [0x000000076b180000, 0x00000007a3f00000, 0x00000007c0000000)
  eden space 729600K, 0% used [0x000000076b180000,0x000000076b180000,0x0000000797a00000)
  from space 512K, 0% used [0x0000000797a00000,0x0000000797a00000,0x0000000797a80000)
  to   space 100864K, 0% used [0x000000079dc80000,0x000000079dc80000,0x00000007a3f00000)
 ParOldGen       total 383488K, used 150607K [0x00000006c1400000, 0x00000006d8a80000, 0x000000076b180000)
  object space 383488K, 39% used [0x00000006c1400000,0x00000006ca713f28,0x00000006d8a80000)
 Metaspace       used 47223K, capacity 48175K, committed 48640K, reserved 1091584K
  class space    used 5963K, capacity 6306K, committed 6400K, reserved 1048576K
}
Event: 331.046 GC heap before
{Heap before GC invocations=34 (full 8):
 PSYoungGen      total 730112K, used 256484K [0x000000076b180000, 0x00000007a3f00000, 0x00000007c0000000)
  eden space 729600K, 35% used [0x000000076b180000,0x000000077abf93a8,0x0000000797a00000)
  from space 512K, 0% used [0x0000000797a00000,0x0000000797a00000,0x0000000797a80000)
  to   space 100864K, 0% used [0x000000079dc80000,0x000000079dc80000,0x00000007a3f00000)
 ParOldGen       total 383488K, used 150607K [0x00000006c1400000, 0x00000006d8a80000, 0x000000076b180000)
  object space 383488K, 39% used [0x00000006c1400000,0x00000006ca713f28,0x00000006d8a80000)
 Metaspace       used 48384K, capacity 49305K, committed 49792K, reserved 1093632K
  class space    used 6098K, capacity 6441K, committed 6528K, reserved 1048576K
Event: 331.065 GC heap after
Heap after GC invocations=34 (full 8):
 PSYoungGen      total 823296K, used 37878K [0x000000076b180000, 0x00000007a3800000, 0x00000007c0000000)
  eden space 729600K, 0% used [0x000000076b180000,0x000000076b180000,0x0000000797a00000)
  from space 93696K, 40% used [0x000000079dc80000,0x00000007a017da50,0x00000007a3800000)
  to   space 97280K, 0% used [0x0000000797a00000,0x0000000797a00000,0x000000079d900000)
 ParOldGen       total 383488K, used 150615K [0x00000006c1400000, 0x00000006d8a80000, 0x000000076b180000)
  object space 383488K, 39% used [0x00000006c1400000,0x00000006ca715f28,0x00000006d8a80000)
 Metaspace       used 48384K, capacity 49305K, committed 49792K, reserved 1093632K
  class space    used 6098K, capacity 6441K, committed 6528K, reserved 1048576K
}
Event: 331.065 GC heap before
{Heap before GC invocations=35 (full 9):
 PSYoungGen      total 823296K, used 37878K [0x000000076b180000, 0x00000007a3800000, 0x00000007c0000000)
  eden space 729600K, 0% used [0x000000076b180000,0x000000076b180000,0x0000000797a00000)
  from space 93696K, 40% used [0x000000079dc80000,0x00000007a017da50,0x00000007a3800000)
  to   space 97280K, 0% used [0x0000000797a00000,0x0000000797a00000,0x000000079d900000)
 ParOldGen       total 383488K, used 150615K [0x00000006c1400000, 0x00000006d8a80000, 0x000000076b180000)
  object space 383488K, 39% used [0x00000006c1400000,0x00000006ca715f28,0x00000006d8a80000)
 Metaspace       used 48384K, capacity 49305K, committed 49792K, reserved 1093632K
  class space    used 6098K, capacity 6441K, committed 6528K, reserved 1048576K
Event: 331.808 GC heap after
Heap after GC invocations=35 (full 9):
 PSYoungGen      total 823296K, used 0K [0x000000076b180000, 0x00000007a3800000, 0x00000007c0000000)
  eden space 729600K, 0% used [0x000000076b180000,0x000000076b180000,0x0000000797a00000)
  from space 93696K, 0% used [0x000000079dc80000,0x000000079dc80000,0x00000007a3800000)
  to   space 97280K, 0% used [0x0000000797a00000,0x0000000797a00000,0x000000079d900000)
 ParOldGen       total 383488K, used 183592K [0x00000006c1400000, 0x00000006d8a80000, 0x000000076b180000)
  object space 383488K, 47% used [0x00000006c1400000,0x00000006cc74a038,0x00000006d8a80000)
 Metaspace       used 48384K, capacity 49305K, committed 49792K, reserved 1093632K
  class space    used 6098K, capacity 6441K, committed 6528K, reserved 1048576K
}
Event: 348.781 GC heap before
{Heap before GC invocations=36 (full 9):
 PSYoungGen      total 823296K, used 729600K [0x000000076b180000, 0x00000007a3800000, 0x00000007c0000000)
  eden space 729600K, 100% used [0x000000076b180000,0x0000000797a00000,0x0000000797a00000)
  from space 93696K, 0% used [0x000000079dc80000,0x000000079dc80000,0x00000007a3800000)
  to   space 97280K, 0% used [0x0000000797a00000,0x0000000797a00000,0x000000079d900000)
 ParOldGen       total 383488K, used 183592K [0x00000006c1400000, 0x00000006d8a80000, 0x000000076b180000)
  object space 383488K, 47% used [0x00000006c1400000,0x00000006cc74a038,0x00000006d8a80000)
 Metaspace       used 53586K, capacity 54543K, committed 55040K, reserved 1097728K
  class space    used 6524K, capacity 6872K, committed 6912K, reserved 1048576K
Event: 348.797 GC heap after
Heap after GC invocations=36 (full 9):
 PSYoungGen      total 826880K, used 38374K [0x000000076b180000, 0x00000007aaf00000, 0x00000007c0000000)
  eden space 729600K, 0% used [0x000000076b180000,0x000000076b180000,0x0000000797a00000)
  from space 97280K, 39% used [0x0000000797a00000,0x0000000799f79b50,0x000000079d900000)
  to   space 93696K, 0% used [0x00000007a5380000,0x00000007a5380000,0x00000007aaf00000)
 ParOldGen       total 383488K, used 183600K [0x00000006c1400000, 0x00000006d8a80000, 0x000000076b180000)
  object space 383488K, 47% used [0x00000006c1400000,0x00000006cc74c038,0x00000006d8a80000)
 Metaspace       used 53586K, capacity 54543K, committed 55040K, reserved 1097728K
  class space    used 6524K, capacity 6872K, committed 6912K, reserved 1048576K
}

