# JRE version: Java(TM) SE Runtime Environment (8.0_91-b14) (build 1.8.0_91-b14)
# Java VM: Java HotSpot(TM) 64-Bit Server VM (25.91-b14 mixed mode windows-amd64 compressed oops)
Heap:
 PSYoungGen      total 267264K, used 70485K [0x000000076b180000, 0x000000077d180000, 0x00000007c0000000)
  eden space 256512K, 27% used [0x000000076b180000,0x000000076f6554d0,0x000000077ac00000)
  from space 10752K, 0% used [0x000000077bc00000,0x000000077bc00000,0x000000077c680000)
  to   space 16384K, 0% used [0x000000077ac00000,0x000000077ac00000,0x000000077bc00000)
 ParOldGen       total 129024K, used 27694K [0x00000006c1400000, 0x00000006c9200000, 0x000000076b180000)
  object space 129024K, 21% used [0x00000006c1400000,0x00000006c2f0ba60,0x00000006c9200000)
 Metaspace       used 23495K, capacity 23763K, committed 24064K, reserved 1071104K
  class space    used 2889K, capacity 2956K, committed 3072K, reserved 1048576K
GC Heap History (10 events):
Event: 3.250 GC heap before
{Heap before GC invocations=4 (full 1):
 PSYoungGen      total 76288K, used 76287K [0x000000076b180000, 0x0000000770680000, 0x00000007c0000000)
  eden space 65536K, 100% used [0x000000076b180000,0x000000076f180000,0x000000076f180000)
  from space 10752K, 99% used [0x000000076fc00000,0x000000077067fec0,0x0000000770680000)
  to   space 10752K, 0% used [0x000000076f180000,0x000000076f180000,0x000000076fc00000)
 ParOldGen       total 175104K, used 5740K [0x00000006c1400000, 0x00000006cbf00000, 0x000000076b180000)
  object space 175104K, 3% used [0x00000006c1400000,0x00000006c199b2d8,0x00000006cbf00000)
 Metaspace       used 13673K, capacity 13908K, committed 13952K, reserved 1060864K
  class space    used 1586K, capacity 1664K, committed 1664K, reserved 1048576K
Event: 3.262 GC heap after
Heap after GC invocations=4 (full 1):
 PSYoungGen      total 76288K, used 8387K [0x000000076b180000, 0x0000000774680000, 0x00000007c0000000)
  eden space 65536K, 0% used [0x000000076b180000,0x000000076b180000,0x000000076f180000)
  from space 10752K, 78% used [0x000000076f180000,0x000000076f9b0e20,0x000000076fc00000)
  to   space 10752K, 0% used [0x0000000773c00000,0x0000000773c00000,0x0000000774680000)
 ParOldGen       total 175104K, used 5748K [0x00000006c1400000, 0x00000006cbf00000, 0x000000076b180000)
  object space 175104K, 3% used [0x00000006c1400000,0x00000006c199d2d8,0x00000006cbf00000)
 Metaspace       used 13673K, capacity 13908K, committed 13952K, reserved 1060864K
  class space    used 1586K, capacity 1664K, committed 1664K, reserved 1048576K
}
Event: 3.887 GC heap before
{Heap before GC invocations=5 (full 1):
 PSYoungGen      total 76288K, used 73923K [0x000000076b180000, 0x0000000774680000, 0x00000007c0000000)
  eden space 65536K, 100% used [0x000000076b180000,0x000000076f180000,0x000000076f180000)
  from space 10752K, 78% used [0x000000076f180000,0x000000076f9b0e20,0x000000076fc00000)
  to   space 10752K, 0% used [0x0000000773c00000,0x0000000773c00000,0x0000000774680000)
 ParOldGen       total 175104K, used 5748K [0x00000006c1400000, 0x00000006cbf00000, 0x000000076b180000)
  object space 175104K, 3% used [0x00000006c1400000,0x00000006c199d2d8,0x00000006cbf00000)
 Metaspace       used 15397K, capacity 15616K, committed 16000K, reserved 1062912K
  class space    used 1756K, capacity 1826K, committed 1920K, reserved 1048576K
Event: 3.913 GC heap after
Heap after GC invocations=5 (full 1):
 PSYoungGen      total 141824K, used 8906K [0x000000076b180000, 0x0000000774680000, 0x00000007c0000000)
  eden space 131072K, 0% used [0x000000076b180000,0x000000076b180000,0x0000000773180000)
  from space 10752K, 82% used [0x0000000773c00000,0x00000007744b2a78,0x0000000774680000)
  to   space 10752K, 0% used [0x0000000773180000,0x0000000773180000,0x0000000773c00000)
 ParOldGen       total 175104K, used 15996K [0x00000006c1400000, 0x00000006cbf00000, 0x000000076b180000)
  object space 175104K, 9% used [0x00000006c1400000,0x00000006c239f2e8,0x00000006cbf00000)
 Metaspace       used 15397K, capacity 15616K, committed 16000K, reserved 1062912K
  class space    used 1756K, capacity 1826K, committed 1920K, reserved 1048576K
}
Event: 5.168 GC heap before
{Heap before GC invocations=6 (full 1):
 PSYoungGen      total 141824K, used 139978K [0x000000076b180000, 0x0000000774680000, 0x00000007c0000000)
  eden space 131072K, 100% used [0x000000076b180000,0x0000000773180000,0x0000000773180000)
  from space 10752K, 82% used [0x0000000773c00000,0x00000007744b2a78,0x0000000774680000)
  to   space 10752K, 0% used [0x0000000773180000,0x0000000773180000,0x0000000773c00000)
 ParOldGen       total 175104K, used 15996K [0x00000006c1400000, 0x00000006cbf00000, 0x000000076b180000)
  object space 175104K, 9% used [0x00000006c1400000,0x00000006c239f2e8,0x00000006cbf00000)
 Metaspace       used 19537K, capacity 19860K, committed 20224K, reserved 1067008K
  class space    used 2432K, capacity 2538K, committed 2560K, reserved 1048576K
Event: 5.192 GC heap after
Heap after GC invocations=6 (full 1):
 PSYoungGen      total 141824K, used 10724K [0x000000076b180000, 0x000000077c680000, 0x00000007c0000000)
  eden space 131072K, 0% used [0x000000076b180000,0x000000076b180000,0x0000000773180000)
  from space 10752K, 99% used [0x0000000773180000,0x0000000773bf9218,0x0000000773c00000)
  to   space 10752K, 0% used [0x000000077bc00000,0x000000077bc00000,0x000000077c680000)
 ParOldGen       total 175104K, used 18356K [0x00000006c1400000, 0x00000006cbf00000, 0x000000076b180000)
  object space 175104K, 10% used [0x00000006c1400000,0x00000006c25ed0e0,0x00000006cbf00000)
 Metaspace       used 19537K, capacity 19860K, committed 20224K, reserved 1067008K
  class space    used 2432K, capacity 2538K, committed 2560K, reserved 1048576K
}
Event: 5.843 GC heap before
{Heap before GC invocations=7 (full 1):
 PSYoungGen      total 141824K, used 83475K [0x000000076b180000, 0x000000077c680000, 0x00000007c0000000)
  eden space 131072K, 55% used [0x000000076b180000,0x000000076f88bd20,0x0000000773180000)
  from space 10752K, 99% used [0x0000000773180000,0x0000000773bf9218,0x0000000773c00000)
  to   space 10752K, 0% used [0x000000077bc00000,0x000000077bc00000,0x000000077c680000)
 ParOldGen       total 175104K, used 18356K [0x00000006c1400000, 0x00000006cbf00000, 0x000000076b180000)
  object space 175104K, 10% used [0x00000006c1400000,0x00000006c25ed0e0,0x00000006cbf00000)
 Metaspace       used 20798K, capacity 21044K, committed 21248K, reserved 1067008K
  class space    used 2666K, capacity 2762K, committed 2816K, reserved 1048576K
Event: 5.863 GC heap after
Heap after GC invocations=7 (full 1):
 PSYoungGen      total 267264K, used 10750K [0x000000076b180000, 0x000000077d180000, 0x00000007c0000000)
  eden space 256512K, 0% used [0x000000076b180000,0x000000076b180000,0x000000077ac00000)
  from space 10752K, 99% used [0x000000077bc00000,0x000000077c67f9c0,0x000000077c680000)
  to   space 16384K, 0% used [0x000000077ac00000,0x000000077ac00000,0x000000077bc00000)
 ParOldGen       total 175104K, used 22747K [0x00000006c1400000, 0x00000006cbf00000, 0x000000076b180000)
  object space 175104K, 12% used [0x00000006c1400000,0x00000006c2a36db0,0x00000006cbf00000)
 Metaspace       used 20798K, capacity 21044K, committed 21248K, reserved 1067008K
  class space    used 2666K, capacity 2762K, committed 2816K, reserved 1048576K
}
Event: 5.863 GC heap before
{Heap before GC invocations=8 (full 2):
 PSYoungGen      total 267264K, used 10750K [0x000000076b180000, 0x000000077d180000, 0x00000007c0000000)
  eden space 256512K, 0% used [0x000000076b180000,0x000000076b180000,0x000000077ac00000)
  from space 10752K, 99% used [0x000000077bc00000,0x000000077c67f9c0,0x000000077c680000)
  to   space 16384K, 0% used [0x000000077ac00000,0x000000077ac00000,0x000000077bc00000)
 ParOldGen       total 175104K, used 22747K [0x00000006c1400000, 0x00000006cbf00000, 0x000000076b180000)
  object space 175104K, 12% used [0x00000006c1400000,0x00000006c2a36db0,0x00000006cbf00000)
 Metaspace       used 20798K, capacity 21044K, committed 21248K, reserved 1067008K
  class space    used 2666K, capacity 2762K, committed 2816K, reserved 1048576K
Event: 5.943 GC heap after
Heap after GC invocations=8 (full 2):
 PSYoungGen      total 267264K, used 0K [0x000000076b180000, 0x000000077d180000, 0x00000007c0000000)
  eden space 256512K, 0% used [0x000000076b180000,0x000000076b180000,0x000000077ac00000)
  from space 10752K, 0% used [0x000000077bc00000,0x000000077bc00000,0x000000077c680000)
  to   space 16384K, 0% used [0x000000077ac00000,0x000000077ac00000,0x000000077bc00000)
 ParOldGen       total 129024K, used 27694K [0x00000006c1400000, 0x00000006c9200000, 0x000000076b180000)
  object space 129024K, 21% used [0x00000006c1400000,0x00000006c2f0ba60,0x00000006c9200000)
 Metaspace       used 20798K, capacity 21044K, committed 21248K, reserved 1067008K
  class space    used 2666K, capacity 2762K, committed 2816K, reserved 1048576K
}

