# JRE version: Java(TM) SE Runtime Environment (8.0_91-b14) (build 1.8.0_91-b14)
# Java VM: Java HotSpot(TM) 64-Bit Server VM (25.91-b14 mixed mode windows-amd64 compressed oops)
Heap:
 PSYoungGen      total 1278976K, used 618021K [0x000000076b180000, 0x00000007c0000000, 0x00000007c0000000)
  eden space 1174528K, 51% used [0x000000076b180000,0x00000007905b8988,0x00000007b2c80000)
  from space 104448K, 7% used [0x00000007b9100000,0x00000007b9850d30,0x00000007bf700000)
  to   space 102912K, 0% used [0x00000007b2c80000,0x00000007b2c80000,0x00000007b9100000)
 ParOldGen       total 349184K, used 242223K [0x00000006c1400000, 0x00000006d6900000, 0x000000076b180000)
  object space 349184K, 69% used [0x00000006c1400000,0x00000006d008bc90,0x00000006d6900000)
 Metaspace       used 52839K, capacity 53587K, committed 54272K, reserved 1097728K
  class space    used 6394K, capacity 6664K, committed 6912K, reserved 1048576K
GC Heap History (10 events):
Event: 52685.505 GC heap before
{Heap before GC invocations=25 (full 6):
 PSYoungGen      total 1282560K, used 0K [0x000000076b180000, 0x00000007bfe80000, 0x00000007c0000000)
  eden space 1175552K, 0% used [0x000000076b180000,0x000000076b180000,0x00000007b2d80000)
  from space 107008K, 0% used [0x00000007b2d80000,0x00000007b2d80000,0x00000007b9600000)
  to   space 107008K, 0% used [0x00000007b9600000,0x00000007b9600000,0x00000007bfe80000)
 ParOldGen       total 349184K, used 143596K [0x00000006c1400000, 0x00000006d6900000, 0x000000076b180000)
  object space 349184K, 41% used [0x00000006c1400000,0x00000006ca03b338,0x00000006d6900000)
 Metaspace       used 42696K, capacity 43353K, committed 44032K, reserved 1087488K
  class space    used 5440K, capacity 5697K, committed 5888K, reserved 1048576K
Event: 52686.058 GC heap after
Heap after GC invocations=25 (full 6):
 PSYoungGen      total 1282560K, used 0K [0x000000076b180000, 0x00000007bfe80000, 0x00000007c0000000)
  eden space 1175552K, 0% used [0x000000076b180000,0x000000076b180000,0x00000007b2d80000)
  from space 107008K, 0% used [0x00000007b2d80000,0x00000007b2d80000,0x00000007b9600000)
  to   space 107008K, 0% used [0x00000007b9600000,0x00000007b9600000,0x00000007bfe80000)
 ParOldGen       total 349184K, used 143594K [0x00000006c1400000, 0x00000006d6900000, 0x000000076b180000)
  object space 349184K, 41% used [0x00000006c1400000,0x00000006ca03a960,0x00000006d6900000)
 Metaspace       used 42696K, capacity 43353K, committed 44032K, reserved 1087488K
  class space    used 5440K, capacity 5697K, committed 5888K, reserved 1048576K
}
Event: 52690.756 GC heap before
{Heap before GC invocations=26 (full 6):
 PSYoungGen      total 1282560K, used 405664K [0x000000076b180000, 0x00000007bfe80000, 0x00000007c0000000)
  eden space 1175552K, 34% used [0x000000076b180000,0x0000000783da80d0,0x00000007b2d80000)
  from space 107008K, 0% used [0x00000007b2d80000,0x00000007b2d80000,0x00000007b9600000)
  to   space 107008K, 0% used [0x00000007b9600000,0x00000007b9600000,0x00000007bfe80000)
 ParOldGen       total 349184K, used 143594K [0x00000006c1400000, 0x00000006d6900000, 0x000000076b180000)
  object space 349184K, 41% used [0x00000006c1400000,0x00000006ca03a960,0x00000006d6900000)
 Metaspace       used 47768K, capacity 48479K, committed 49280K, reserved 1091584K
  class space    used 6034K, capacity 6286K, committed 6528K, reserved 1048576K
Event: 52690.831 GC heap after
Heap after GC invocations=26 (full 6):
 PSYoungGen      total 1275904K, used 65583K [0x000000076b180000, 0x00000007c0000000, 0x00000007c0000000)
  eden space 1168896K, 0% used [0x000000076b180000,0x000000076b180000,0x00000007b2700000)
  from space 107008K, 61% used [0x00000007b9600000,0x00000007bd60bed8,0x00000007bfe80000)
  to   space 111104K, 0% used [0x00000007b2700000,0x00000007b2700000,0x00000007b9380000)
 ParOldGen       total 349184K, used 143602K [0x00000006c1400000, 0x00000006d6900000, 0x000000076b180000)
  object space 349184K, 41% used [0x00000006c1400000,0x00000006ca03c960,0x00000006d6900000)
 Metaspace       used 47768K, capacity 48479K, committed 49280K, reserved 1091584K
  class space    used 6034K, capacity 6286K, committed 6528K, reserved 1048576K
}
Event: 52690.831 GC heap before
{Heap before GC invocations=27 (full 7):
 PSYoungGen      total 1275904K, used 65583K [0x000000076b180000, 0x00000007c0000000, 0x00000007c0000000)
  eden space 1168896K, 0% used [0x000000076b180000,0x000000076b180000,0x00000007b2700000)
  from space 107008K, 61% used [0x00000007b9600000,0x00000007bd60bed8,0x00000007bfe80000)
  to   space 111104K, 0% used [0x00000007b2700000,0x00000007b2700000,0x00000007b9380000)
 ParOldGen       total 349184K, used 143602K [0x00000006c1400000, 0x00000006d6900000, 0x000000076b180000)
  object space 349184K, 41% used [0x00000006c1400000,0x00000006ca03c960,0x00000006d6900000)
 Metaspace       used 47768K, capacity 48479K, committed 49280K, reserved 1091584K
  class space    used 6034K, capacity 6286K, committed 6528K, reserved 1048576K
Event: 52691.620 GC heap after
Heap after GC invocations=27 (full 7):
 PSYoungGen      total 1275904K, used 0K [0x000000076b180000, 0x00000007c0000000, 0x00000007c0000000)
  eden space 1168896K, 0% used [0x000000076b180000,0x000000076b180000,0x00000007b2700000)
  from space 107008K, 0% used [0x00000007b9600000,0x00000007b9600000,0x00000007bfe80000)
  to   space 111104K, 0% used [0x00000007b2700000,0x00000007b2700000,0x00000007b9380000)
 ParOldGen       total 349184K, used 204593K [0x00000006c1400000, 0x00000006d6900000, 0x000000076b180000)
  object space 349184K, 58% used [0x00000006c1400000,0x00000006cdbcc640,0x00000006d6900000)
 Metaspace       used 47768K, capacity 48479K, committed 49280K, reserved 1091584K
  class space    used 6034K, capacity 6286K, committed 6528K, reserved 1048576K
}
Event: 52705.155 GC heap before
{Heap before GC invocations=28 (full 7):
 PSYoungGen      total 1275904K, used 1160990K [0x000000076b180000, 0x00000007c0000000, 0x00000007c0000000)
  eden space 1168896K, 99% used [0x000000076b180000,0x00000007b1f47838,0x00000007b2700000)
  from space 107008K, 0% used [0x00000007b9600000,0x00000007b9600000,0x00000007bfe80000)
  to   space 111104K, 0% used [0x00000007b2700000,0x00000007b2700000,0x00000007b9380000)
 ParOldGen       total 349184K, used 204593K [0x00000006c1400000, 0x00000006d6900000, 0x000000076b180000)
  object space 349184K, 58% used [0x00000006c1400000,0x00000006cdbcc640,0x00000006d6900000)
 Metaspace       used 52263K, capacity 52969K, committed 53760K, reserved 1095680K
  class space    used 6385K, capacity 6657K, committed 6912K, reserved 1048576K
Event: 52705.192 GC heap after
Heap after GC invocations=28 (full 7):
 PSYoungGen      total 1209344K, used 40167K [0x000000076b180000, 0x00000007bf700000, 0x00000007c0000000)
  eden space 1168896K, 0% used [0x000000076b180000,0x000000076b180000,0x00000007b2700000)
  from space 40448K, 99% used [0x00000007b2700000,0x00000007b4e39d30,0x00000007b4e80000)
  to   space 104448K, 0% used [0x00000007b9100000,0x00000007b9100000,0x00000007bf700000)
 ParOldGen       total 349184K, used 204601K [0x00000006c1400000, 0x00000006d6900000, 0x000000076b180000)
  object space 349184K, 58% used [0x00000006c1400000,0x00000006cdbce640,0x00000006d6900000)
 Metaspace       used 52263K, capacity 52969K, committed 53760K, reserved 1095680K
  class space    used 6385K, capacity 6657K, committed 6912K, reserved 1048576K
}
Event: 52712.831 GC heap before
{Heap before GC invocations=29 (full 7):
 PSYoungGen      total 1209344K, used 1209063K [0x000000076b180000, 0x00000007bf700000, 0x00000007c0000000)
  eden space 1168896K, 100% used [0x000000076b180000,0x00000007b2700000,0x00000007b2700000)
  from space 40448K, 99% used [0x00000007b2700000,0x00000007b4e39d30,0x00000007b4e80000)
  to   space 104448K, 0% used [0x00000007b9100000,0x00000007b9100000,0x00000007bf700000)
 ParOldGen       total 349184K, used 204601K [0x00000006c1400000, 0x00000006d6900000, 0x000000076b180000)
  object space 349184K, 58% used [0x00000006c1400000,0x00000006cdbce640,0x00000006d6900000)
 Metaspace       used 52739K, capacity 53459K, committed 54016K, reserved 1095680K
  class space    used 6394K, capacity 6664K, committed 6912K, reserved 1048576K
Event: 52712.879 GC heap after
Heap after GC invocations=29 (full 7):
 PSYoungGen      total 1278976K, used 7491K [0x000000076b180000, 0x00000007c0000000, 0x00000007c0000000)
  eden space 1174528K, 0% used [0x000000076b180000,0x000000076b180000,0x00000007b2c80000)
  from space 104448K, 7% used [0x00000007b9100000,0x00000007b9850d30,0x00000007bf700000)
  to   space 102912K, 0% used [0x00000007b2c80000,0x00000007b2c80000,0x00000007b9100000)
 ParOldGen       total 349184K, used 242223K [0x00000006c1400000, 0x00000006d6900000, 0x000000076b180000)
  object space 349184K, 69% used [0x00000006c1400000,0x00000006d008bc90,0x00000006d6900000)
 Metaspace       used 52739K, capacity 53459K, committed 54016K, reserved 1095680K
  class space    used 6394K, capacity 6664K, committed 6912K, reserved 1048576K
}

