# JRE version: Java(TM) SE Runtime Environment (8.0_91-b14) (build 1.8.0_91-b14)
# Java VM: Java HotSpot(TM) 64-Bit Server VM (25.91-b14 mixed mode windows-amd64 compressed oops)
Heap:
 PSYoungGen      total 827904K, used 182493K [0x000000076b180000, 0x00000007a5d80000, 0x00000007c0000000)
  eden space 757760K, 20% used [0x000000076b180000,0x0000000774b2dee0,0x0000000799580000)
  from space 70144K, 35% used [0x000000079d600000,0x000000079ee89658,0x00000007a1a80000)
  to   space 66048K, 0% used [0x0000000799580000,0x0000000799580000,0x000000079d600000)
 ParOldGen       total 288256K, used 151828K [0x00000006c1400000, 0x00000006d2d80000, 0x000000076b180000)
  object space 288256K, 52% used [0x00000006c1400000,0x00000006ca8451f8,0x00000006d2d80000)
 Metaspace       used 39306K, capacity 40039K, committed 40576K, reserved 1085440K
  class space    used 5123K, capacity 5409K, committed 5504K, reserved 1048576K
GC Heap History (10 events):
Event: 18.264 GC heap before
{Heap before GC invocations=11 (full 2):
 PSYoungGen      total 422400K, used 422398K [0x000000076b180000, 0x000000078aa80000, 0x00000007c0000000)
  eden space 397824K, 100% used [0x000000076b180000,0x0000000783600000,0x0000000783600000)
  from space 24576K, 99% used [0x0000000786300000,0x0000000787affad0,0x0000000787b00000)
  to   space 46080K, 0% used [0x0000000783600000,0x0000000783600000,0x0000000786300000)
 ParOldGen       total 122880K, used 80370K [0x00000006c1400000, 0x00000006c8c00000, 0x000000076b180000)
  object space 122880K, 65% used [0x00000006c1400000,0x00000006c627c988,0x00000006c8c00000)
 Metaspace       used 25334K, capacity 25683K, committed 26112K, reserved 1073152K
  class space    used 3106K, capacity 3212K, committed 3328K, reserved 1048576K
Event: 18.422 GC heap after
Heap after GC invocations=11 (full 2):
 PSYoungGen      total 443904K, used 46075K [0x000000076b180000, 0x000000079db00000, 0x00000007c0000000)
  eden space 397824K, 0% used [0x000000076b180000,0x000000076b180000,0x0000000783600000)
  from space 46080K, 99% used [0x0000000783600000,0x00000007862feea8,0x0000000786300000)
  to   space 77312K, 0% used [0x0000000798f80000,0x0000000798f80000,0x000000079db00000)
 ParOldGen       total 138240K, used 138128K [0x00000006c1400000, 0x00000006c9b00000, 0x000000076b180000)
  object space 138240K, 99% used [0x00000006c1400000,0x00000006c9ae4200,0x00000006c9b00000)
 Metaspace       used 25334K, capacity 25683K, committed 26112K, reserved 1073152K
  class space    used 3106K, capacity 3212K, committed 3328K, reserved 1048576K
}
Event: 18.422 GC heap before
{Heap before GC invocations=12 (full 3):
 PSYoungGen      total 443904K, used 46075K [0x000000076b180000, 0x000000079db00000, 0x00000007c0000000)
  eden space 397824K, 0% used [0x000000076b180000,0x000000076b180000,0x0000000783600000)
  from space 46080K, 99% used [0x0000000783600000,0x00000007862feea8,0x0000000786300000)
  to   space 77312K, 0% used [0x0000000798f80000,0x0000000798f80000,0x000000079db00000)
 ParOldGen       total 138240K, used 138128K [0x00000006c1400000, 0x00000006c9b00000, 0x000000076b180000)
  object space 138240K, 99% used [0x00000006c1400000,0x00000006c9ae4200,0x00000006c9b00000)
 Metaspace       used 25334K, capacity 25683K, committed 26112K, reserved 1073152K
  class space    used 3106K, capacity 3212K, committed 3328K, reserved 1048576K
Event: 18.584 GC heap after
Heap after GC invocations=12 (full 3):
 PSYoungGen      total 443904K, used 0K [0x000000076b180000, 0x000000079db00000, 0x00000007c0000000)
  eden space 397824K, 0% used [0x000000076b180000,0x000000076b180000,0x0000000783600000)
  from space 46080K, 0% used [0x0000000783600000,0x0000000783600000,0x0000000786300000)
  to   space 77312K, 0% used [0x0000000798f80000,0x0000000798f80000,0x000000079db00000)
 ParOldGen       total 288256K, used 127910K [0x00000006c1400000, 0x00000006d2d80000, 0x000000076b180000)
  object space 288256K, 44% used [0x00000006c1400000,0x00000006c90e9940,0x00000006d2d80000)
 Metaspace       used 25334K, capacity 25683K, committed 26112K, reserved 1073152K
  class space    used 3106K, capacity 3212K, committed 3328K, reserved 1048576K
}
Event: 24.247 GC heap before
{Heap before GC invocations=13 (full 3):
 PSYoungGen      total 443904K, used 397824K [0x000000076b180000, 0x000000079db00000, 0x00000007c0000000)
  eden space 397824K, 100% used [0x000000076b180000,0x0000000783600000,0x0000000783600000)
  from space 46080K, 0% used [0x0000000783600000,0x0000000783600000,0x0000000786300000)
  to   space 77312K, 0% used [0x0000000798f80000,0x0000000798f80000,0x000000079db00000)
 ParOldGen       total 288256K, used 127910K [0x00000006c1400000, 0x00000006d2d80000, 0x000000076b180000)
  object space 288256K, 44% used [0x00000006c1400000,0x00000006c90e9940,0x00000006d2d80000)
 Metaspace       used 30117K, capacity 30463K, committed 30720K, reserved 1077248K
  class space    used 3709K, capacity 3799K, committed 3840K, reserved 1048576K
Event: 24.302 GC heap after
Heap after GC invocations=13 (full 3):
 PSYoungGen      total 566784K, used 15203K [0x000000076b180000, 0x0000000799e80000, 0x00000007c0000000)
  eden space 551424K, 0% used [0x000000076b180000,0x000000076b180000,0x000000078cc00000)
  from space 15360K, 98% used [0x0000000798f80000,0x0000000799e58dd0,0x0000000799e80000)
  to   space 74752K, 0% used [0x0000000790c80000,0x0000000790c80000,0x0000000795580000)
 ParOldGen       total 288256K, used 127918K [0x00000006c1400000, 0x00000006d2d80000, 0x000000076b180000)
  object space 288256K, 44% used [0x00000006c1400000,0x00000006c90eb940,0x00000006d2d80000)
 Metaspace       used 30117K, capacity 30463K, committed 30720K, reserved 1077248K
  class space    used 3709K, capacity 3799K, committed 3840K, reserved 1048576K
}
Event: 28.484 GC heap before
{Heap before GC invocations=14 (full 3):
 PSYoungGen      total 566784K, used 566627K [0x000000076b180000, 0x0000000799e80000, 0x00000007c0000000)
  eden space 551424K, 100% used [0x000000076b180000,0x000000078cc00000,0x000000078cc00000)
  from space 15360K, 98% used [0x0000000798f80000,0x0000000799e58dd0,0x0000000799e80000)
  to   space 74752K, 0% used [0x0000000790c80000,0x0000000790c80000,0x0000000795580000)
 ParOldGen       total 288256K, used 127918K [0x00000006c1400000, 0x00000006d2d80000, 0x000000076b180000)
  object space 288256K, 44% used [0x00000006c1400000,0x00000006c90eb940,0x00000006d2d80000)
 Metaspace       used 30214K, capacity 30527K, committed 30976K, reserved 1077248K
  class space    used 3715K, capacity 3799K, committed 3840K, reserved 1048576K
Event: 28.533 GC heap after
Heap after GC invocations=14 (full 3):
 PSYoungGen      total 692224K, used 25055K [0x000000076b180000, 0x00000007a1a80000, 0x00000007c0000000)
  eden space 617472K, 0% used [0x000000076b180000,0x000000076b180000,0x0000000790c80000)
  from space 74752K, 33% used [0x0000000790c80000,0x00000007924f7fb8,0x0000000795580000)
  to   space 70144K, 0% used [0x000000079d600000,0x000000079d600000,0x00000007a1a80000)
 ParOldGen       total 288256K, used 127926K [0x00000006c1400000, 0x00000006d2d80000, 0x000000076b180000)
  object space 288256K, 44% used [0x00000006c1400000,0x00000006c90ed940,0x00000006d2d80000)
 Metaspace       used 30214K, capacity 30527K, committed 30976K, reserved 1077248K
  class space    used 3715K, capacity 3799K, committed 3840K, reserved 1048576K
}
Event: 40.463 GC heap before
{Heap before GC invocations=15 (full 3):
 PSYoungGen      total 692224K, used 642527K [0x000000076b180000, 0x00000007a1a80000, 0x00000007c0000000)
  eden space 617472K, 100% used [0x000000076b180000,0x0000000790c80000,0x0000000790c80000)
  from space 74752K, 33% used [0x0000000790c80000,0x00000007924f7fb8,0x0000000795580000)
  to   space 70144K, 0% used [0x000000079d600000,0x000000079d600000,0x00000007a1a80000)
 ParOldGen       total 288256K, used 127926K [0x00000006c1400000, 0x00000006d2d80000, 0x000000076b180000)
  object space 288256K, 44% used [0x00000006c1400000,0x00000006c90ed940,0x00000006d2d80000)
 Metaspace       used 37137K, capacity 37813K, committed 38144K, reserved 1083392K
  class space    used 4812K, capacity 5118K, committed 5120K, reserved 1048576K
Event: 40.573 GC heap after
Heap after GC invocations=15 (full 3):
 PSYoungGen      total 827904K, used 25125K [0x000000076b180000, 0x00000007a5d80000, 0x00000007c0000000)
  eden space 757760K, 0% used [0x000000076b180000,0x000000076b180000,0x0000000799580000)
  from space 70144K, 35% used [0x000000079d600000,0x000000079ee89658,0x00000007a1a80000)
  to   space 66048K, 0% used [0x0000000799580000,0x0000000799580000,0x000000079d600000)
 ParOldGen       total 288256K, used 151828K [0x00000006c1400000, 0x00000006d2d80000, 0x000000076b180000)
  object space 288256K, 52% used [0x00000006c1400000,0x00000006ca8451f8,0x00000006d2d80000)
 Metaspace       used 37137K, capacity 37813K, committed 38144K, reserved 1083392K
  class space    used 4812K, capacity 5118K, committed 5120K, reserved 1048576K
}

