# JRE version: Java(TM) SE Runtime Environment (8.0_231-b11) (build 1.8.0_231-b11)
# Java VM: Java HotSpot(TM) 64-Bit Server VM (25.231-b11 mixed mode windows-amd64 compressed oops)
Heap:
 PSYoungGen      total 527360K, used 491467K [0x000000076b000000, 0x000000078fe00000, 0x00000007c0000000)
  eden space 475648K, 92% used [0x000000076b000000,0x0000000785fd9618,0x0000000788080000)
  from space 51712K, 95% used [0x000000078ba80000,0x000000078ea997b8,0x000000078ed00000)
  to   space 59392K, 0% used [0x0000000788080000,0x0000000788080000,0x000000078ba80000)
 ParOldGen       total 250368K, used 128435K [0x00000006c1000000, 0x00000006d0480000, 0x000000076b000000)
  object space 250368K, 51% used [0x00000006c1000000,0x00000006c8d6cfd0,0x00000006d0480000)
 Metaspace       used 40823K, capacity 41787K, committed 42240K, reserved 1085440K
  class space    used 5005K, capacity 5344K, committed 5376K, reserved 1048576K
GC Heap History (10 events):
Event: 16.203 GC heap before
{Heap before GC invocations=21 (full 3):
 PSYoungGen      total 343552K, used 294004K [0x000000076b000000, 0x0000000789500000, 0x00000007c0000000)
  eden space 286208K, 100% used [0x000000076b000000,0x000000077c780000,0x000000077c780000)
  from space 57344K, 13% used [0x000000077c780000,0x000000077cf1d3a8,0x000000077ff80000)
  to   space 56320K, 0% used [0x0000000785e00000,0x0000000785e00000,0x0000000789500000)
 ParOldGen       total 250368K, used 95953K [0x00000006c1000000, 0x00000006d0480000, 0x000000076b000000)
  object space 250368K, 38% used [0x00000006c1000000,0x00000006c6db4408,0x00000006d0480000)
 Metaspace       used 29959K, capacity 30231K, committed 30720K, reserved 1077248K
  class space    used 3655K, capacity 3741K, committed 3840K, reserved 1048576K
Event: 16.214 GC heap after
Heap after GC invocations=21 (full 3):
 PSYoungGen      total 362496K, used 13120K [0x000000076b000000, 0x0000000786d00000, 0x00000007c0000000)
  eden space 347136K, 0% used [0x000000076b000000,0x000000076b000000,0x0000000780300000)
  from space 15360K, 85% used [0x0000000785e00000,0x0000000786ad0000,0x0000000786d00000)
  to   space 54272K, 0% used [0x0000000780300000,0x0000000780300000,0x0000000783800000)
 ParOldGen       total 250368K, used 103355K [0x00000006c1000000, 0x00000006d0480000, 0x000000076b000000)
  object space 250368K, 41% used [0x00000006c1000000,0x00000006c74eed70,0x00000006d0480000)
 Metaspace       used 29959K, capacity 30231K, committed 30720K, reserved 1077248K
  class space    used 3655K, capacity 3741K, committed 3840K, reserved 1048576K
}
Event: 18.406 GC heap before
{Heap before GC invocations=22 (full 3):
 PSYoungGen      total 362496K, used 360256K [0x000000076b000000, 0x0000000786d00000, 0x00000007c0000000)
  eden space 347136K, 100% used [0x000000076b000000,0x0000000780300000,0x0000000780300000)
  from space 15360K, 85% used [0x0000000785e00000,0x0000000786ad0000,0x0000000786d00000)
  to   space 54272K, 0% used [0x0000000780300000,0x0000000780300000,0x0000000783800000)
 ParOldGen       total 250368K, used 103355K [0x00000006c1000000, 0x00000006d0480000, 0x000000076b000000)
  object space 250368K, 41% used [0x00000006c1000000,0x00000006c74eed70,0x00000006d0480000)
 Metaspace       used 29965K, capacity 30231K, committed 30720K, reserved 1077248K
  class space    used 3655K, capacity 3741K, committed 3840K, reserved 1048576K
Event: 18.418 GC heap after
Heap after GC invocations=22 (full 3):
 PSYoungGen      total 401408K, used 12404K [0x000000076b000000, 0x000000078ac00000, 0x00000007c0000000)
  eden space 347136K, 0% used [0x000000076b000000,0x000000076b000000,0x0000000780300000)
  from space 54272K, 22% used [0x0000000780300000,0x0000000780f1d048,0x0000000783800000)
  to   space 52224K, 0% used [0x0000000787900000,0x0000000787900000,0x000000078ac00000)
 ParOldGen       total 250368K, used 116261K [0x00000006c1000000, 0x00000006d0480000, 0x000000076b000000)
  object space 250368K, 46% used [0x00000006c1000000,0x00000006c8189550,0x00000006d0480000)
 Metaspace       used 29965K, capacity 30231K, committed 30720K, reserved 1077248K
  class space    used 3655K, capacity 3741K, committed 3840K, reserved 1048576K
}
Event: 20.910 GC heap before
{Heap before GC invocations=23 (full 3):
 PSYoungGen      total 401408K, used 359540K [0x000000076b000000, 0x000000078ac00000, 0x00000007c0000000)
  eden space 347136K, 100% used [0x000000076b000000,0x0000000780300000,0x0000000780300000)
  from space 54272K, 22% used [0x0000000780300000,0x0000000780f1d048,0x0000000783800000)
  to   space 52224K, 0% used [0x0000000787900000,0x0000000787900000,0x000000078ac00000)
 ParOldGen       total 250368K, used 116261K [0x00000006c1000000, 0x00000006d0480000, 0x000000076b000000)
  object space 250368K, 46% used [0x00000006c1000000,0x00000006c8189550,0x00000006d0480000)
 Metaspace       used 37078K, capacity 37889K, committed 38144K, reserved 1083392K
  class space    used 4466K, capacity 4797K, committed 4864K, reserved 1048576K
Event: 20.928 GC heap after
Heap after GC invocations=23 (full 3):
 PSYoungGen      total 455680K, used 18852K [0x000000076b000000, 0x000000078a280000, 0x00000007c0000000)
  eden space 413184K, 0% used [0x000000076b000000,0x000000076b000000,0x0000000784380000)
  from space 42496K, 44% used [0x0000000787900000,0x0000000788b69178,0x000000078a280000)
  to   space 48640K, 0% used [0x0000000784380000,0x0000000784380000,0x0000000787300000)
 ParOldGen       total 250368K, used 128419K [0x00000006c1000000, 0x00000006d0480000, 0x000000076b000000)
  object space 250368K, 51% used [0x00000006c1000000,0x00000006c8d68fd0,0x00000006d0480000)
 Metaspace       used 37078K, capacity 37889K, committed 38144K, reserved 1083392K
  class space    used 4466K, capacity 4797K, committed 4864K, reserved 1048576K
}
Event: 26.233 GC heap before
{Heap before GC invocations=24 (full 3):
 PSYoungGen      total 455680K, used 432036K [0x000000076b000000, 0x000000078a280000, 0x00000007c0000000)
  eden space 413184K, 100% used [0x000000076b000000,0x0000000784380000,0x0000000784380000)
  from space 42496K, 44% used [0x0000000787900000,0x0000000788b69178,0x000000078a280000)
  to   space 48640K, 0% used [0x0000000784380000,0x0000000784380000,0x0000000787300000)
 ParOldGen       total 250368K, used 128419K [0x00000006c1000000, 0x00000006d0480000, 0x000000076b000000)
  object space 250368K, 51% used [0x00000006c1000000,0x00000006c8d68fd0,0x00000006d0480000)
 Metaspace       used 37163K, capacity 37953K, committed 38400K, reserved 1083392K
  class space    used 4471K, capacity 4797K, committed 4864K, reserved 1048576K
Event: 26.248 GC heap after
Heap after GC invocations=24 (full 3):
 PSYoungGen      total 461824K, used 34855K [0x000000076b000000, 0x000000078ed00000, 0x00000007c0000000)
  eden space 413184K, 0% used [0x000000076b000000,0x000000076b000000,0x0000000784380000)
  from space 48640K, 71% used [0x0000000784380000,0x0000000786589c88,0x0000000787300000)
  to   space 51712K, 0% used [0x000000078ba80000,0x000000078ba80000,0x000000078ed00000)
 ParOldGen       total 250368K, used 128427K [0x00000006c1000000, 0x00000006d0480000, 0x000000076b000000)
  object space 250368K, 51% used [0x00000006c1000000,0x00000006c8d6afd0,0x00000006d0480000)
 Metaspace       used 37163K, capacity 37953K, committed 38400K, reserved 1083392K
  class space    used 4471K, capacity 4797K, committed 4864K, reserved 1048576K
}
Event: 28.419 GC heap before
{Heap before GC invocations=25 (full 3):
 PSYoungGen      total 461824K, used 448039K [0x000000076b000000, 0x000000078ed00000, 0x00000007c0000000)
  eden space 413184K, 100% used [0x000000076b000000,0x0000000784380000,0x0000000784380000)
  from space 48640K, 71% used [0x0000000784380000,0x0000000786589c88,0x0000000787300000)
  to   space 51712K, 0% used [0x000000078ba80000,0x000000078ba80000,0x000000078ed00000)
 ParOldGen       total 250368K, used 128427K [0x00000006c1000000, 0x00000006d0480000, 0x000000076b000000)
  object space 250368K, 51% used [0x00000006c1000000,0x00000006c8d6afd0,0x00000006d0480000)
 Metaspace       used 40395K, capacity 41335K, committed 41728K, reserved 1085440K
  class space    used 4980K, capacity 5344K, committed 5376K, reserved 1048576K
Event: 28.440 GC heap after
Heap after GC invocations=25 (full 3):
 PSYoungGen      total 527360K, used 49253K [0x000000076b000000, 0x000000078fe00000, 0x00000007c0000000)
  eden space 475648K, 0% used [0x000000076b000000,0x000000076b000000,0x0000000788080000)
  from space 51712K, 95% used [0x000000078ba80000,0x000000078ea997b8,0x000000078ed00000)
  to   space 59392K, 0% used [0x0000000788080000,0x0000000788080000,0x000000078ba80000)
 ParOldGen       total 250368K, used 128435K [0x00000006c1000000, 0x00000006d0480000, 0x000000076b000000)
  object space 250368K, 51% used [0x00000006c1000000,0x00000006c8d6cfd0,0x00000006d0480000)
 Metaspace       used 40395K, capacity 41335K, committed 41728K, reserved 1085440K
  class space    used 4980K, capacity 5344K, committed 5376K, reserved 1048576K
}

