# JRE version: Java(TM) SE Runtime Environment (8.0_91-b14) (build 1.8.0_91-b14)
# Java VM: Java HotSpot(TM) 64-Bit Server VM (25.91-b14 mixed mode windows-amd64 compressed oops)
Heap:
 PSYoungGen      total 1308672K, used 988104K [0x000000076b180000, 0x00000007c0000000, 0x00000007c0000000)
  eden space 1225728K, 79% used [0x000000076b180000,0x00000007a6daf1f8,0x00000007b5e80000)
  from space 82944K, 10% used [0x00000007bad00000,0x00000007bb5c2e48,0x00000007bfe00000)
  to   space 80384K, 0% used [0x00000007b5e80000,0x00000007b5e80000,0x00000007bad00000)
 ParOldGen       total 376320K, used 268525K [0x00000006c1400000, 0x00000006d8380000, 0x000000076b180000)
  object space 376320K, 71% used [0x00000006c1400000,0x00000006d1a3b760,0x00000006d8380000)
 Metaspace       used 53994K, capacity 54955K, committed 55296K, reserved 1097728K
  class space    used 6495K, capacity 6880K, committed 6912K, reserved 1048576K
GC Heap History (10 events):
Event: 214.890 GC heap before
{Heap before GC invocations=27 (full 7):
 PSYoungGen      total 1297408K, used 1219231K [0x000000076b180000, 0x00000007bfc80000, 0x00000007c0000000)
  eden space 1220096K, 99% used [0x000000076b180000,0x00000007b5827fc0,0x00000007b5900000)
  from space 77312K, 0% used [0x00000007b5900000,0x00000007b5900000,0x00000007ba480000)
  to   space 82944K, 0% used [0x00000007bab80000,0x00000007bab80000,0x00000007bfc80000)
 ParOldGen       total 376320K, used 216391K [0x00000006c1400000, 0x00000006d8380000, 0x000000076b180000)
  object space 376320K, 57% used [0x00000006c1400000,0x00000006ce751d68,0x00000006d8380000)
 Metaspace       used 52902K, capacity 53835K, committed 54016K, reserved 1095680K
  class space    used 6458K, capacity 6848K, committed 6912K, reserved 1048576K
Event: 214.944 GC heap after
Heap after GC invocations=27 (full 7):
 PSYoungGen      total 1303552K, used 49256K [0x000000076b180000, 0x00000007c0000000, 0x00000007c0000000)
  eden space 1220608K, 0% used [0x000000076b180000,0x000000076b180000,0x00000007b5980000)
  from space 82944K, 59% used [0x00000007bab80000,0x00000007bdb9a270,0x00000007bfc80000)
  to   space 83968K, 0% used [0x00000007b5980000,0x00000007b5980000,0x00000007bab80000)
 ParOldGen       total 376320K, used 216399K [0x00000006c1400000, 0x00000006d8380000, 0x000000076b180000)
  object space 376320K, 57% used [0x00000006c1400000,0x00000006ce753d68,0x00000006d8380000)
 Metaspace       used 52902K, capacity 53835K, committed 54016K, reserved 1095680K
  class space    used 6458K, capacity 6848K, committed 6912K, reserved 1048576K
}
Event: 222.324 GC heap before
{Heap before GC invocations=28 (full 7):
 PSYoungGen      total 1303552K, used 1269864K [0x000000076b180000, 0x00000007c0000000, 0x00000007c0000000)
  eden space 1220608K, 100% used [0x000000076b180000,0x00000007b5980000,0x00000007b5980000)
  from space 82944K, 59% used [0x00000007bab80000,0x00000007bdb9a270,0x00000007bfc80000)
  to   space 83968K, 0% used [0x00000007b5980000,0x00000007b5980000,0x00000007bab80000)
 ParOldGen       total 376320K, used 216399K [0x00000006c1400000, 0x00000006d8380000, 0x000000076b180000)
  object space 376320K, 57% used [0x00000006c1400000,0x00000006ce753d68,0x00000006d8380000)
 Metaspace       used 53558K, capacity 54475K, committed 54784K, reserved 1097728K
  class space    used 6487K, capacity 6848K, committed 6912K, reserved 1048576K
Event: 222.380 GC heap after
Heap after GC invocations=28 (full 7):
 PSYoungGen      total 1304576K, used 6114K [0x000000076b180000, 0x00000007c0000000, 0x00000007c0000000)
  eden space 1220608K, 0% used [0x000000076b180000,0x000000076b180000,0x00000007b5980000)
  from space 83968K, 7% used [0x00000007b5980000,0x00000007b5f78a68,0x00000007bab80000)
  to   space 83968K, 0% used [0x00000007bae00000,0x00000007bae00000,0x00000007c0000000)
 ParOldGen       total 376320K, used 265931K [0x00000006c1400000, 0x00000006d8380000, 0x000000076b180000)
  object space 376320K, 70% used [0x00000006c1400000,0x00000006d17b2e60,0x00000006d8380000)
 Metaspace       used 53558K, capacity 54475K, committed 54784K, reserved 1097728K
  class space    used 6487K, capacity 6848K, committed 6912K, reserved 1048576K
}
Event: 227.351 GC heap before
{Heap before GC invocations=29 (full 7):
 PSYoungGen      total 1304576K, used 1226722K [0x000000076b180000, 0x00000007c0000000, 0x00000007c0000000)
  eden space 1220608K, 100% used [0x000000076b180000,0x00000007b5980000,0x00000007b5980000)
  from space 83968K, 7% used [0x00000007b5980000,0x00000007b5f78a68,0x00000007bab80000)
  to   space 83968K, 0% used [0x00000007bae00000,0x00000007bae00000,0x00000007c0000000)
 ParOldGen       total 376320K, used 265931K [0x00000006c1400000, 0x00000006d8380000, 0x000000076b180000)
  object space 376320K, 70% used [0x00000006c1400000,0x00000006d17b2e60,0x00000006d8380000)
 Metaspace       used 53759K, capacity 54667K, committed 55040K, reserved 1097728K
  class space    used 6493K, capacity 6848K, committed 6912K, reserved 1048576K
Event: 227.359 GC heap after
Heap after GC invocations=29 (full 7):
 PSYoungGen      total 1307136K, used 3392K [0x000000076b180000, 0x00000007c0000000, 0x00000007c0000000)
  eden space 1223168K, 0% used [0x000000076b180000,0x000000076b180000,0x00000007b5c00000)
  from space 83968K, 4% used [0x00000007bae00000,0x00000007bb150010,0x00000007c0000000)
  to   space 83968K, 0% used [0x00000007b5c00000,0x00000007b5c00000,0x00000007bae00000)
 ParOldGen       total 376320K, used 268509K [0x00000006c1400000, 0x00000006d8380000, 0x000000076b180000)
  object space 376320K, 71% used [0x00000006c1400000,0x00000006d1a37760,0x00000006d8380000)
 Metaspace       used 53759K, capacity 54667K, committed 55040K, reserved 1097728K
  class space    used 6493K, capacity 6848K, committed 6912K, reserved 1048576K
}
Event: 232.457 GC heap before
{Heap before GC invocations=30 (full 7):
 PSYoungGen      total 1307136K, used 1226463K [0x000000076b180000, 0x00000007c0000000, 0x00000007c0000000)
  eden space 1223168K, 99% used [0x000000076b180000,0x00000007b5be7ed8,0x00000007b5c00000)
  from space 83968K, 4% used [0x00000007bae00000,0x00000007bb150010,0x00000007c0000000)
  to   space 83968K, 0% used [0x00000007b5c00000,0x00000007b5c00000,0x00000007bae00000)
 ParOldGen       total 376320K, used 268509K [0x00000006c1400000, 0x00000006d8380000, 0x000000076b180000)
  object space 376320K, 71% used [0x00000006c1400000,0x00000006d1a37760,0x00000006d8380000)
 Metaspace       used 53861K, capacity 54795K, committed 55040K, reserved 1097728K
  class space    used 6493K, capacity 6848K, committed 6912K, reserved 1048576K
Event: 232.462 GC heap after
Heap after GC invocations=30 (full 7):
 PSYoungGen      total 1227264K, used 3971K [0x000000076b180000, 0x00000007bfe00000, 0x00000007c0000000)
  eden space 1223168K, 0% used [0x000000076b180000,0x000000076b180000,0x00000007b5c00000)
  from space 4096K, 96% used [0x00000007b5c00000,0x00000007b5fe0df0,0x00000007b6000000)
  to   space 82944K, 0% used [0x00000007bad00000,0x00000007bad00000,0x00000007bfe00000)
 ParOldGen       total 376320K, used 268517K [0x00000006c1400000, 0x00000006d8380000, 0x000000076b180000)
  object space 376320K, 71% used [0x00000006c1400000,0x00000006d1a39760,0x00000006d8380000)
 Metaspace       used 53861K, capacity 54795K, committed 55040K, reserved 1097728K
  class space    used 6493K, capacity 6848K, committed 6912K, reserved 1048576K
}
Event: 236.937 GC heap before
{Heap before GC invocations=31 (full 7):
 PSYoungGen      total 1227264K, used 1227139K [0x000000076b180000, 0x00000007bfe00000, 0x00000007c0000000)
  eden space 1223168K, 100% used [0x000000076b180000,0x00000007b5c00000,0x00000007b5c00000)
  from space 4096K, 96% used [0x00000007b5c00000,0x00000007b5fe0df0,0x00000007b6000000)
  to   space 82944K, 0% used [0x00000007bad00000,0x00000007bad00000,0x00000007bfe00000)
 ParOldGen       total 376320K, used 268517K [0x00000006c1400000, 0x00000006d8380000, 0x000000076b180000)
  object space 376320K, 71% used [0x00000006c1400000,0x00000006d1a39760,0x00000006d8380000)
 Metaspace       used 53955K, capacity 54923K, committed 55296K, reserved 1097728K
  class space    used 6494K, capacity 6848K, committed 6912K, reserved 1048576K
Event: 236.943 GC heap after
Heap after GC invocations=31 (full 7):
 PSYoungGen      total 1308672K, used 8971K [0x000000076b180000, 0x00000007c0000000, 0x00000007c0000000)
  eden space 1225728K, 0% used [0x000000076b180000,0x000000076b180000,0x00000007b5e80000)
  from space 82944K, 10% used [0x00000007bad00000,0x00000007bb5c2e48,0x00000007bfe00000)
  to   space 80384K, 0% used [0x00000007b5e80000,0x00000007b5e80000,0x00000007bad00000)
 ParOldGen       total 376320K, used 268525K [0x00000006c1400000, 0x00000006d8380000, 0x000000076b180000)
  object space 376320K, 71% used [0x00000006c1400000,0x00000006d1a3b760,0x00000006d8380000)
 Metaspace       used 53955K, capacity 54923K, committed 55296K, reserved 1097728K
  class space    used 6494K, capacity 6848K, committed 6912K, reserved 1048576K
}

