# JRE version: Java(TM) SE Runtime Environment (8.0_231-b11) (build 1.8.0_231-b11)
# Java VM: Java HotSpot(TM) 64-Bit Server VM (25.231-b11 mixed mode windows-amd64 compressed oops)
Heap:
 PSYoungGen      total 457216K, used 120970K [0x000000076b000000, 0x000000078e600000, 0x00000007c0000000)
  eden space 406528K, 21% used [0x000000076b000000,0x000000077053dda0,0x0000000783d00000)
  from space 50688K, 66% used [0x0000000783d00000,0x0000000785de4b58,0x0000000786e80000)
  to   space 52736K, 0% used [0x000000078b280000,0x000000078b280000,0x000000078e600000)
 ParOldGen       total 256000K, used 142706K [0x00000006c1000000, 0x00000006d0a00000, 0x000000076b000000)
  object space 256000K, 55% used [0x00000006c1000000,0x00000006c9b5ca70,0x00000006d0a00000)
 Metaspace       used 38766K, capacity 39729K, committed 40192K, reserved 1085440K
  class space    used 4738K, capacity 5087K, committed 5120K, reserved 1048576K
GC Heap History (10 events):
Event: 14.240 GC heap before
{Heap before GC invocations=20 (full 3):
 PSYoungGen      total 340992K, used 290431K [0x000000076b000000, 0x0000000783a00000, 0x00000007c0000000)
  eden space 283648K, 100% used [0x000000076b000000,0x000000077c500000,0x000000077c500000)
  from space 57344K, 11% used [0x0000000780200000,0x000000078089fe70,0x0000000783a00000)
  to   space 59904K, 0% used [0x000000077c500000,0x000000077c500000,0x000000077ff80000)
 ParOldGen       total 256000K, used 104785K [0x00000006c1000000, 0x00000006d0a00000, 0x000000076b000000)
  object space 256000K, 40% used [0x00000006c1000000,0x00000006c7654610,0x00000006d0a00000)
 Metaspace       used 29631K, capacity 29943K, committed 30336K, reserved 1075200K
  class space    used 3617K, capacity 3709K, committed 3712K, reserved 1048576K
Event: 14.247 GC heap after
Heap after GC invocations=20 (full 3):
 PSYoungGen      total 343552K, used 7844K [0x000000076b000000, 0x0000000789480000, 0x00000007c0000000)
  eden space 283648K, 0% used [0x000000076b000000,0x000000076b000000,0x000000077c500000)
  from space 59904K, 13% used [0x000000077c500000,0x000000077cca9398,0x000000077ff80000)
  to   space 58368K, 0% used [0x0000000785b80000,0x0000000785b80000,0x0000000789480000)
 ParOldGen       total 256000K, used 110254K [0x00000006c1000000, 0x00000006d0a00000, 0x000000076b000000)
  object space 256000K, 43% used [0x00000006c1000000,0x00000006c7bab8b8,0x00000006d0a00000)
 Metaspace       used 29631K, capacity 29943K, committed 30336K, reserved 1075200K
  class space    used 3617K, capacity 3709K, committed 3712K, reserved 1048576K
}
Event: 15.844 GC heap before
{Heap before GC invocations=21 (full 3):
 PSYoungGen      total 343552K, used 291492K [0x000000076b000000, 0x0000000789480000, 0x00000007c0000000)
  eden space 283648K, 100% used [0x000000076b000000,0x000000077c500000,0x000000077c500000)
  from space 59904K, 13% used [0x000000077c500000,0x000000077cca9398,0x000000077ff80000)
  to   space 58368K, 0% used [0x0000000785b80000,0x0000000785b80000,0x0000000789480000)
 ParOldGen       total 256000K, used 110254K [0x00000006c1000000, 0x00000006d0a00000, 0x000000076b000000)
  object space 256000K, 43% used [0x00000006c1000000,0x00000006c7bab8b8,0x00000006d0a00000)
 Metaspace       used 29969K, capacity 30231K, committed 30720K, reserved 1077248K
  class space    used 3656K, capacity 3741K, committed 3840K, reserved 1048576K
Event: 15.854 GC heap after
Heap after GC invocations=21 (full 3):
 PSYoungGen      total 359936K, used 13104K [0x000000076b000000, 0x0000000786c00000, 0x00000007c0000000)
  eden space 343040K, 0% used [0x000000076b000000,0x000000076b000000,0x000000077ff00000)
  from space 16896K, 77% used [0x0000000785b80000,0x000000078684c010,0x0000000786c00000)
  to   space 55808K, 0% used [0x000000077ff00000,0x000000077ff00000,0x0000000783580000)
 ParOldGen       total 256000K, used 117827K [0x00000006c1000000, 0x00000006d0a00000, 0x000000076b000000)
  object space 256000K, 46% used [0x00000006c1000000,0x00000006c8310e20,0x00000006d0a00000)
 Metaspace       used 29969K, capacity 30231K, committed 30720K, reserved 1077248K
  class space    used 3656K, capacity 3741K, committed 3840K, reserved 1048576K
}
Event: 18.090 GC heap before
{Heap before GC invocations=22 (full 3):
 PSYoungGen      total 359936K, used 356144K [0x000000076b000000, 0x0000000786c00000, 0x00000007c0000000)
  eden space 343040K, 100% used [0x000000076b000000,0x000000077ff00000,0x000000077ff00000)
  from space 16896K, 77% used [0x0000000785b80000,0x000000078684c010,0x0000000786c00000)
  to   space 55808K, 0% used [0x000000077ff00000,0x000000077ff00000,0x0000000783580000)
 ParOldGen       total 256000K, used 117827K [0x00000006c1000000, 0x00000006d0a00000, 0x000000076b000000)
  object space 256000K, 46% used [0x00000006c1000000,0x00000006c8310e20,0x00000006d0a00000)
 Metaspace       used 29975K, capacity 30231K, committed 30720K, reserved 1077248K
  class space    used 3656K, capacity 3741K, committed 3840K, reserved 1048576K
Event: 18.103 GC heap after
Heap after GC invocations=22 (full 3):
 PSYoungGen      total 398848K, used 12212K [0x000000076b000000, 0x000000078a900000, 0x00000007c0000000)
  eden space 343040K, 0% used [0x000000076b000000,0x000000076b000000,0x000000077ff00000)
  from space 55808K, 21% used [0x000000077ff00000,0x0000000780aed048,0x0000000783580000)
  to   space 53760K, 0% used [0x0000000787480000,0x0000000787480000,0x000000078a900000)
 ParOldGen       total 256000K, used 130688K [0x00000006c1000000, 0x00000006d0a00000, 0x000000076b000000)
  object space 256000K, 51% used [0x00000006c1000000,0x00000006c8fa0348,0x00000006d0a00000)
 Metaspace       used 29975K, capacity 30231K, committed 30720K, reserved 1077248K
  class space    used 3656K, capacity 3741K, committed 3840K, reserved 1048576K
}
Event: 20.560 GC heap before
{Heap before GC invocations=23 (full 3):
 PSYoungGen      total 398848K, used 355252K [0x000000076b000000, 0x000000078a900000, 0x00000007c0000000)
  eden space 343040K, 100% used [0x000000076b000000,0x000000077ff00000,0x000000077ff00000)
  from space 55808K, 21% used [0x000000077ff00000,0x0000000780aed048,0x0000000783580000)
  to   space 53760K, 0% used [0x0000000787480000,0x0000000787480000,0x000000078a900000)
 ParOldGen       total 256000K, used 130688K [0x00000006c1000000, 0x00000006d0a00000, 0x000000076b000000)
  object space 256000K, 51% used [0x00000006c1000000,0x00000006c8fa0348,0x00000006d0a00000)
 Metaspace       used 37092K, capacity 37957K, committed 38400K, reserved 1083392K
  class space    used 4467K, capacity 4797K, committed 4864K, reserved 1048576K
Event: 20.577 GC heap after
Heap after GC invocations=23 (full 3):
 PSYoungGen      total 451072K, used 18917K [0x000000076b000000, 0x000000078a000000, 0x00000007c0000000)
  eden space 406528K, 0% used [0x000000076b000000,0x000000076b000000,0x0000000783d00000)
  from space 44544K, 42% used [0x0000000787480000,0x00000007886f9610,0x000000078a000000)
  to   space 50688K, 0% used [0x0000000783d00000,0x0000000783d00000,0x0000000786e80000)
 ParOldGen       total 256000K, used 142698K [0x00000006c1000000, 0x00000006d0a00000, 0x000000076b000000)
  object space 256000K, 55% used [0x00000006c1000000,0x00000006c9b5aa70,0x00000006d0a00000)
 Metaspace       used 37092K, capacity 37957K, committed 38400K, reserved 1083392K
  class space    used 4467K, capacity 4797K, committed 4864K, reserved 1048576K
}
Event: 25.769 GC heap before
{Heap before GC invocations=24 (full 3):
 PSYoungGen      total 451072K, used 425445K [0x000000076b000000, 0x000000078a000000, 0x00000007c0000000)
  eden space 406528K, 100% used [0x000000076b000000,0x0000000783d00000,0x0000000783d00000)
  from space 44544K, 42% used [0x0000000787480000,0x00000007886f9610,0x000000078a000000)
  to   space 50688K, 0% used [0x0000000783d00000,0x0000000783d00000,0x0000000786e80000)
 ParOldGen       total 256000K, used 142698K [0x00000006c1000000, 0x00000006d0a00000, 0x000000076b000000)
  object space 256000K, 55% used [0x00000006c1000000,0x00000006c9b5aa70,0x00000006d0a00000)
 Metaspace       used 37751K, capacity 38629K, committed 39040K, reserved 1083392K
  class space    used 4564K, capacity 4893K, committed 4992K, reserved 1048576K
Event: 25.785 GC heap after
Heap after GC invocations=24 (full 3):
 PSYoungGen      total 457216K, used 33682K [0x000000076b000000, 0x000000078e600000, 0x00000007c0000000)
  eden space 406528K, 0% used [0x000000076b000000,0x000000076b000000,0x0000000783d00000)
  from space 50688K, 66% used [0x0000000783d00000,0x0000000785de4b58,0x0000000786e80000)
  to   space 52736K, 0% used [0x000000078b280000,0x000000078b280000,0x000000078e600000)
 ParOldGen       total 256000K, used 142706K [0x00000006c1000000, 0x00000006d0a00000, 0x000000076b000000)
  object space 256000K, 55% used [0x00000006c1000000,0x00000006c9b5ca70,0x00000006d0a00000)
 Metaspace       used 37751K, capacity 38629K, committed 39040K, reserved 1083392K
  class space    used 4564K, capacity 4893K, committed 4992K, reserved 1048576K
}

