# JRE version: Java(TM) SE Runtime Environment (8.0_91-b14) (build 1.8.0_91-b14)
# Java VM: Java HotSpot(TM) 64-Bit Server VM (25.91-b14 mixed mode windows-amd64 compressed oops)
Heap:
 PSYoungGen      total 534528K, used 271160K [0x000000076b180000, 0x0000000796480000, 0x00000007c0000000)
  eden space 518656K, 49% used [0x000000076b180000,0x000000077aae0648,0x000000078ac00000)
  from space 15872K, 99% used [0x0000000795500000,0x000000079646da40,0x0000000796480000)
  to   space 73728K, 0% used [0x000000078d480000,0x000000078d480000,0x0000000791c80000)
 ParOldGen       total 289792K, used 121811K [0x00000006c1400000, 0x00000006d2f00000, 0x000000076b180000)
  object space 289792K, 42% used [0x00000006c1400000,0x00000006c8af4cd0,0x00000006d2f00000)
 Metaspace       used 30188K, capacity 30527K, committed 30976K, reserved 1077248K
  class space    used 3710K, capacity 3799K, committed 3840K, reserved 1048576K
GC Heap History (10 events):
Event: 10.898 GC heap before
{Heap before GC invocations=9 (full 2):
 PSYoungGen      total 267264K, used 256512K [0x000000076b180000, 0x000000077d180000, 0x00000007c0000000)
  eden space 256512K, 100% used [0x000000076b180000,0x000000077ac00000,0x000000077ac00000)
  from space 10752K, 0% used [0x000000077bc00000,0x000000077bc00000,0x000000077c680000)
  to   space 16384K, 0% used [0x000000077ac00000,0x000000077ac00000,0x000000077bc00000)
 ParOldGen       total 125440K, used 27663K [0x00000006c1400000, 0x00000006c8e80000, 0x000000076b180000)
  object space 125440K, 22% used [0x00000006c1400000,0x00000006c2f03ff0,0x00000006c8e80000)
 Metaspace       used 24911K, capacity 25139K, committed 25472K, reserved 1071104K
  class space    used 3057K, capacity 3116K, committed 3200K, reserved 1048576K
Event: 10.933 GC heap after
Heap after GC invocations=9 (full 2):
 PSYoungGen      total 272896K, used 16368K [0x000000076b180000, 0x0000000787000000, 0x00000007c0000000)
  eden space 256512K, 0% used [0x000000076b180000,0x000000076b180000,0x000000077ac00000)
  from space 16384K, 99% used [0x000000077ac00000,0x000000077bbfc020,0x000000077bc00000)
  to   space 25088K, 0% used [0x0000000785780000,0x0000000785780000,0x0000000787000000)
 ParOldGen       total 125440K, used 40366K [0x00000006c1400000, 0x00000006c8e80000, 0x000000076b180000)
  object space 125440K, 32% used [0x00000006c1400000,0x00000006c3b6b8f0,0x00000006c8e80000)
 Metaspace       used 24911K, capacity 25139K, committed 25472K, reserved 1071104K
  class space    used 3057K, capacity 3116K, committed 3200K, reserved 1048576K
}
Event: 14.599 GC heap before
{Heap before GC invocations=10 (full 2):
 PSYoungGen      total 272896K, used 272880K [0x000000076b180000, 0x0000000787000000, 0x00000007c0000000)
  eden space 256512K, 100% used [0x000000076b180000,0x000000077ac00000,0x000000077ac00000)
  from space 16384K, 99% used [0x000000077ac00000,0x000000077bbfc020,0x000000077bc00000)
  to   space 25088K, 0% used [0x0000000785780000,0x0000000785780000,0x0000000787000000)
 ParOldGen       total 125440K, used 40366K [0x00000006c1400000, 0x00000006c8e80000, 0x000000076b180000)
  object space 125440K, 32% used [0x00000006c1400000,0x00000006c3b6b8f0,0x00000006c8e80000)
 Metaspace       used 24957K, capacity 25203K, committed 25472K, reserved 1071104K
  class space    used 3057K, capacity 3116K, committed 3200K, reserved 1048576K
Event: 14.646 GC heap after
Heap after GC invocations=10 (full 2):
 PSYoungGen      total 410624K, used 25081K [0x000000076b180000, 0x0000000789300000, 0x00000007c0000000)
  eden space 385536K, 0% used [0x000000076b180000,0x000000076b180000,0x0000000782a00000)
  from space 25088K, 99% used [0x0000000785780000,0x0000000786ffe4d8,0x0000000787000000)
  to   space 46592K, 0% used [0x0000000782a00000,0x0000000782a00000,0x0000000785780000)
 ParOldGen       total 125440K, used 81067K [0x00000006c1400000, 0x00000006c8e80000, 0x000000076b180000)
  object space 125440K, 64% used [0x00000006c1400000,0x00000006c632ad78,0x00000006c8e80000)
 Metaspace       used 24957K, capacity 25203K, committed 25472K, reserved 1071104K
  class space    used 3057K, capacity 3116K, committed 3200K, reserved 1048576K
}
Event: 17.348 GC heap before
{Heap before GC invocations=11 (full 2):
 PSYoungGen      total 410624K, used 410617K [0x000000076b180000, 0x0000000789300000, 0x00000007c0000000)
  eden space 385536K, 100% used [0x000000076b180000,0x0000000782a00000,0x0000000782a00000)
  from space 25088K, 99% used [0x0000000785780000,0x0000000786ffe4d8,0x0000000787000000)
  to   space 46592K, 0% used [0x0000000782a00000,0x0000000782a00000,0x0000000785780000)
 ParOldGen       total 125440K, used 81067K [0x00000006c1400000, 0x00000006c8e80000, 0x000000076b180000)
  object space 125440K, 64% used [0x00000006c1400000,0x00000006c632ad78,0x00000006c8e80000)
 Metaspace       used 25283K, capacity 25619K, committed 26112K, reserved 1073152K
  class space    used 3102K, capacity 3212K, committed 3328K, reserved 1048576K
Event: 17.440 GC heap after
Heap after GC invocations=11 (full 2):
 PSYoungGen      total 432128K, used 46586K [0x000000076b180000, 0x0000000799f80000, 0x00000007c0000000)
  eden space 385536K, 0% used [0x000000076b180000,0x000000076b180000,0x0000000782a00000)
  from space 46592K, 99% used [0x0000000782a00000,0x000000078577eb50,0x0000000785780000)
  to   space 76288K, 0% used [0x0000000795500000,0x0000000795500000,0x0000000799f80000)
 ParOldGen       total 135168K, used 134778K [0x00000006c1400000, 0x00000006c9800000, 0x000000076b180000)
  object space 135168K, 99% used [0x00000006c1400000,0x00000006c979e8d0,0x00000006c9800000)
 Metaspace       used 25283K, capacity 25619K, committed 26112K, reserved 1073152K
  class space    used 3102K, capacity 3212K, committed 3328K, reserved 1048576K
}
Event: 17.440 GC heap before
{Heap before GC invocations=12 (full 3):
 PSYoungGen      total 432128K, used 46586K [0x000000076b180000, 0x0000000799f80000, 0x00000007c0000000)
  eden space 385536K, 0% used [0x000000076b180000,0x000000076b180000,0x0000000782a00000)
  from space 46592K, 99% used [0x0000000782a00000,0x000000078577eb50,0x0000000785780000)
  to   space 76288K, 0% used [0x0000000795500000,0x0000000795500000,0x0000000799f80000)
 ParOldGen       total 135168K, used 134778K [0x00000006c1400000, 0x00000006c9800000, 0x000000076b180000)
  object space 135168K, 99% used [0x00000006c1400000,0x00000006c979e8d0,0x00000006c9800000)
 Metaspace       used 25283K, capacity 25619K, committed 26112K, reserved 1073152K
  class space    used 3102K, capacity 3212K, committed 3328K, reserved 1048576K
Event: 17.582 GC heap after
Heap after GC invocations=12 (full 3):
 PSYoungGen      total 432128K, used 0K [0x000000076b180000, 0x0000000799f80000, 0x00000007c0000000)
  eden space 385536K, 0% used [0x000000076b180000,0x000000076b180000,0x0000000782a00000)
  from space 46592K, 0% used [0x0000000782a00000,0x0000000782a00000,0x0000000785780000)
  to   space 76288K, 0% used [0x0000000795500000,0x0000000795500000,0x0000000799f80000)
 ParOldGen       total 289792K, used 121803K [0x00000006c1400000, 0x00000006d2f00000, 0x000000076b180000)
  object space 289792K, 42% used [0x00000006c1400000,0x00000006c8af2cd0,0x00000006d2f00000)
 Metaspace       used 25283K, capacity 25619K, committed 26112K, reserved 1073152K
  class space    used 3102K, capacity 3212K, committed 3328K, reserved 1048576K
}
Event: 22.745 GC heap before
{Heap before GC invocations=13 (full 3):
 PSYoungGen      total 432128K, used 385536K [0x000000076b180000, 0x0000000799f80000, 0x00000007c0000000)
  eden space 385536K, 100% used [0x000000076b180000,0x0000000782a00000,0x0000000782a00000)
  from space 46592K, 0% used [0x0000000782a00000,0x0000000782a00000,0x0000000785780000)
  to   space 76288K, 0% used [0x0000000795500000,0x0000000795500000,0x0000000799f80000)
 ParOldGen       total 289792K, used 121803K [0x00000006c1400000, 0x00000006d2f00000, 0x000000076b180000)
  object space 289792K, 42% used [0x00000006c1400000,0x00000006c8af2cd0,0x00000006d2f00000)
 Metaspace       used 30005K, capacity 30303K, committed 30720K, reserved 1077248K
  class space    used 3699K, capacity 3767K, committed 3840K, reserved 1048576K
Event: 22.791 GC heap after
Heap after GC invocations=13 (full 3):
 PSYoungGen      total 534528K, used 15798K [0x000000076b180000, 0x0000000796480000, 0x00000007c0000000)
  eden space 518656K, 0% used [0x000000076b180000,0x000000076b180000,0x000000078ac00000)
  from space 15872K, 99% used [0x0000000795500000,0x000000079646da40,0x0000000796480000)
  to   space 73728K, 0% used [0x000000078d480000,0x000000078d480000,0x0000000791c80000)
 ParOldGen       total 289792K, used 121811K [0x00000006c1400000, 0x00000006d2f00000, 0x000000076b180000)
  object space 289792K, 42% used [0x00000006c1400000,0x00000006c8af4cd0,0x00000006d2f00000)
 Metaspace       used 30005K, capacity 30303K, committed 30720K, reserved 1077248K
  class space    used 3699K, capacity 3767K, committed 3840K, reserved 1048576K
}

