# JRE version: Java(TM) SE Runtime Environment (8.0_231-b11) (build 1.8.0_231-b11)
# Java VM: Java HotSpot(TM) 64-Bit Server VM (25.231-b11 mixed mode windows-amd64 compressed oops)
Heap:
 PSYoungGen      total 548352K, used 498832K [0x000000076b000000, 0x0000000790e00000, 0x00000007c0000000)
  eden space 488960K, 93% used [0x000000076b000000,0x0000000786e2d228,0x0000000788d80000)
  from space 59392K, 70% used [0x000000078cb00000,0x000000078f3f7008,0x0000000790500000)
  to   space 62976K, 0% used [0x0000000788d80000,0x0000000788d80000,0x000000078cb00000)
 ParOldGen       total 255488K, used 178762K [0x00000006c1000000, 0x00000006d0980000, 0x000000076b000000)
  object space 255488K, 69% used [0x00000006c1000000,0x00000006cbe92bb8,0x00000006d0980000)
 Metaspace       used 38832K, capacity 39725K, committed 40192K, reserved 1085440K
  class space    used 4742K, capacity 5087K, committed 5120K, reserved 1048576K
GC Heap History (10 events):
Event: 19.989 GC heap before
{Heap before GC invocations=23 (full 3):
 PSYoungGen      total 371712K, used 333049K [0x000000076b000000, 0x0000000788780000, 0x00000007c0000000)
  eden space 316928K, 100% used [0x000000076b000000,0x000000077e580000,0x000000077e580000)
  from space 54784K, 29% used [0x000000077e580000,0x000000077f53e508,0x0000000781b00000)
  to   space 52224K, 0% used [0x0000000785480000,0x0000000785480000,0x0000000788780000)
 ParOldGen       total 255488K, used 116696K [0x00000006c1000000, 0x00000006d0980000, 0x000000076b000000)
  object space 255488K, 45% used [0x00000006c1000000,0x00000006c81f6360,0x00000006d0980000)
 Metaspace       used 29999K, capacity 30231K, committed 30720K, reserved 1077248K
  class space    used 3658K, capacity 3741K, committed 3840K, reserved 1048576K
Event: 20.003 GC heap after
Heap after GC invocations=23 (full 3):
 PSYoungGen      total 427520K, used 10939K [0x000000076b000000, 0x0000000788400000, 0x00000007c0000000)
  eden space 378880K, 0% used [0x000000076b000000,0x000000076b000000,0x0000000782200000)
  from space 48640K, 22% used [0x0000000785480000,0x0000000785f2eea0,0x0000000788400000)
  to   space 50176K, 0% used [0x0000000782200000,0x0000000782200000,0x0000000785300000)
 ParOldGen       total 255488K, used 132589K [0x00000006c1000000, 0x00000006d0980000, 0x000000076b000000)
  object space 255488K, 51% used [0x00000006c1000000,0x00000006c917b6e8,0x00000006d0980000)
 Metaspace       used 29999K, capacity 30231K, committed 30720K, reserved 1077248K
  class space    used 3658K, capacity 3741K, committed 3840K, reserved 1048576K
}
Event: 28.060 GC heap before
{Heap before GC invocations=24 (full 3):
 PSYoungGen      total 427520K, used 389819K [0x000000076b000000, 0x0000000788400000, 0x00000007c0000000)
  eden space 378880K, 100% used [0x000000076b000000,0x0000000782200000,0x0000000782200000)
  from space 48640K, 22% used [0x0000000785480000,0x0000000785f2eea0,0x0000000788400000)
  to   space 50176K, 0% used [0x0000000782200000,0x0000000782200000,0x0000000785300000)
 ParOldGen       total 255488K, used 132589K [0x00000006c1000000, 0x00000006d0980000, 0x000000076b000000)
  object space 255488K, 51% used [0x00000006c1000000,0x00000006c917b6e8,0x00000006d0980000)
 Metaspace       used 29999K, capacity 30231K, committed 30720K, reserved 1077248K
  class space    used 3658K, capacity 3741K, committed 3840K, reserved 1048576K
Event: 28.074 GC heap after
Heap after GC invocations=24 (full 3):
 PSYoungGen      total 429056K, used 17300K [0x000000076b000000, 0x000000078bd80000, 0x00000007c0000000)
  eden space 378880K, 0% used [0x000000076b000000,0x000000076b000000,0x0000000782200000)
  from space 50176K, 34% used [0x0000000782200000,0x00000007832e5060,0x0000000785300000)
  to   space 47104K, 0% used [0x0000000788f80000,0x0000000788f80000,0x000000078bd80000)
 ParOldGen       total 255488K, used 143259K [0x00000006c1000000, 0x00000006d0980000, 0x000000076b000000)
  object space 255488K, 56% used [0x00000006c1000000,0x00000006c9be6fc0,0x00000006d0980000)
 Metaspace       used 29999K, capacity 30231K, committed 30720K, reserved 1077248K
  class space    used 3658K, capacity 3741K, committed 3840K, reserved 1048576K
}
Event: 43.854 GC heap before
{Heap before GC invocations=25 (full 3):
 PSYoungGen      total 429056K, used 396180K [0x000000076b000000, 0x000000078bd80000, 0x00000007c0000000)
  eden space 378880K, 100% used [0x000000076b000000,0x0000000782200000,0x0000000782200000)
  from space 50176K, 34% used [0x0000000782200000,0x00000007832e5060,0x0000000785300000)
  to   space 47104K, 0% used [0x0000000788f80000,0x0000000788f80000,0x000000078bd80000)
 ParOldGen       total 255488K, used 143259K [0x00000006c1000000, 0x00000006d0980000, 0x000000076b000000)
  object space 255488K, 56% used [0x00000006c1000000,0x00000006c9be6fc0,0x00000006d0980000)
 Metaspace       used 29999K, capacity 30231K, committed 30720K, reserved 1077248K
  class space    used 3658K, capacity 3741K, committed 3840K, reserved 1048576K
Event: 43.869 GC heap after
Heap after GC invocations=25 (full 3):
 PSYoungGen      total 480768K, used 34859K [0x000000076b000000, 0x000000078bc00000, 0x00000007c0000000)
  eden space 435200K, 0% used [0x000000076b000000,0x000000076b000000,0x0000000785900000)
  from space 45568K, 76% used [0x0000000788f80000,0x000000078b18aca0,0x000000078bc00000)
  to   space 50688K, 0% used [0x0000000785900000,0x0000000785900000,0x0000000788a80000)
 ParOldGen       total 255488K, used 143259K [0x00000006c1000000, 0x00000006d0980000, 0x000000076b000000)
  object space 255488K, 56% used [0x00000006c1000000,0x00000006c9be6fc0,0x00000006d0980000)
 Metaspace       used 29999K, capacity 30231K, committed 30720K, reserved 1077248K
  class space    used 3658K, capacity 3741K, committed 3840K, reserved 1048576K
}
Event: 53.964 GC heap before
{Heap before GC invocations=26 (full 3):
 PSYoungGen      total 480768K, used 470059K [0x000000076b000000, 0x000000078bc00000, 0x00000007c0000000)
  eden space 435200K, 100% used [0x000000076b000000,0x0000000785900000,0x0000000785900000)
  from space 45568K, 76% used [0x0000000788f80000,0x000000078b18aca0,0x000000078bc00000)
  to   space 50688K, 0% used [0x0000000785900000,0x0000000785900000,0x0000000788a80000)
 ParOldGen       total 255488K, used 143259K [0x00000006c1000000, 0x00000006d0980000, 0x000000076b000000)
  object space 255488K, 56% used [0x00000006c1000000,0x00000006c9be6fc0,0x00000006d0980000)
 Metaspace       used 30003K, capacity 30231K, committed 30720K, reserved 1077248K
  class space    used 3658K, capacity 3741K, committed 3840K, reserved 1048576K
Event: 53.985 GC heap after
Heap after GC invocations=26 (full 3):
 PSYoungGen      total 485888K, used 50656K [0x000000076b000000, 0x0000000790500000, 0x00000007c0000000)
  eden space 435200K, 0% used [0x000000076b000000,0x000000076b000000,0x0000000785900000)
  from space 50688K, 99% used [0x0000000785900000,0x0000000788a78038,0x0000000788a80000)
  to   space 59392K, 0% used [0x000000078cb00000,0x000000078cb00000,0x0000000790500000)
 ParOldGen       total 255488K, used 145427K [0x00000006c1000000, 0x00000006d0980000, 0x000000076b000000)
  object space 255488K, 56% used [0x00000006c1000000,0x00000006c9e04fc0,0x00000006d0980000)
 Metaspace       used 30003K, capacity 30231K, committed 30720K, reserved 1077248K
  class space    used 3658K, capacity 3741K, committed 3840K, reserved 1048576K
}
Event: 58.756 GC heap before
{Heap before GC invocations=27 (full 3):
 PSYoungGen      total 485888K, used 485856K [0x000000076b000000, 0x0000000790500000, 0x00000007c0000000)
  eden space 435200K, 100% used [0x000000076b000000,0x0000000785900000,0x0000000785900000)
  from space 50688K, 99% used [0x0000000785900000,0x0000000788a78038,0x0000000788a80000)
  to   space 59392K, 0% used [0x000000078cb00000,0x000000078cb00000,0x0000000790500000)
 ParOldGen       total 255488K, used 145427K [0x00000006c1000000, 0x00000006d0980000, 0x000000076b000000)
  object space 255488K, 56% used [0x00000006c1000000,0x00000006c9e04fc0,0x00000006d0980000)
 Metaspace       used 37130K, capacity 38049K, committed 38400K, reserved 1083392K
  class space    used 4472K, capacity 4829K, committed 4864K, reserved 1048576K
Event: 58.789 GC heap after
Heap after GC invocations=27 (full 3):
 PSYoungGen      total 548352K, used 41948K [0x000000076b000000, 0x0000000790e00000, 0x00000007c0000000)
  eden space 488960K, 0% used [0x000000076b000000,0x000000076b000000,0x0000000788d80000)
  from space 59392K, 70% used [0x000000078cb00000,0x000000078f3f7008,0x0000000790500000)
  to   space 62976K, 0% used [0x0000000788d80000,0x0000000788d80000,0x000000078cb00000)
 ParOldGen       total 255488K, used 178762K [0x00000006c1000000, 0x00000006d0980000, 0x000000076b000000)
  object space 255488K, 69% used [0x00000006c1000000,0x00000006cbe92bb8,0x00000006d0980000)
 Metaspace       used 37130K, capacity 38049K, committed 38400K, reserved 1083392K
  class space    used 4472K, capacity 4829K, committed 4864K, reserved 1048576K
}

